#
# A fatal error has been detected by the Java Runtime Environment:
#
#  SIGSEGV (0xb) at pc=0x00007f4130f10780, pid=8672, tid=8687
#
# JRE version: Java(TM) SE Runtime Environment (9.0+11) (build 9.0.4+11)
# Java VM: Java HotSpot(TM) 64-Bit Server VM (9.0.4+11, mixed mode, tiered, compressed oops, g1 gc, linux-amd64)
# Problematic frame:
# V  [libjvm.so+0xc4f780]  SignatureIterator::iterate_returntype()+0x20
#
# Core dump will be written. Default location: Core dumps may be processed with "/usr/share/apport/apport %p %s %c %d %P" (or dumping to /home/akrishnan/DSA-18/sorting/day00/core.8672)
#
# If you would like to submit a bug report, please visit:
#   http://bugreport.java.com/bugreport/crash.jsp
#

---------------  S U M M A R Y ------------

Command Line: -agentlib:jdwp=transport=dt_socket,address=127.0.0.1:38463,suspend=y,server=n -ea -Didea.test.cyclic.buffer.size=1048576 -javaagent:/opt/intellij-idea-community/lib/rt/debugger-agent.jar=/tmp/capture.props -Dfile.encoding=UTF-8 com.intellij.rt.execution.junit.JUnitStarter -ideVersion5 -junit5 SortTest

Host: Intel(R) Core(TM) i7-6600U CPU @ 2.60GHz, 4 cores, 7G, Ubuntu 16.04.3 LTS
Time: Mon Feb 12 19:50:37 2018 EST elapsed time: 235 seconds (0d 0h 3m 55s)

---------------  T H R E A D  ---------------

Current thread (0x00007f4128156800):  VMThread "VM Thread" [stack: 0x00007f412c042000,0x00007f412c142000] [id=8687]

Stack: [0x00007f412c042000,0x00007f412c142000],  sp=0x00007f412c13ff30,  free space=1015k
Native frames: (J=compiled Java code, A=aot compiled Java code, j=interpreted, Vv=VM code, C=native code)
V  [libjvm.so+0xc4f780]  SignatureIterator::iterate_returntype()+0x20
V  [libjvm.so+0x7a9039]  GenerateOopMap::do_method(int, int, int, int)+0x79
V  [libjvm.so+0x7ad413]  GenerateOopMap::interp1(BytecodeStream*)+0xb73
V  [libjvm.so+0x7ae2f4]  GenerateOopMap::interp_bb(BasicBlock*)+0x144
V  [libjvm.so+0x7b021f]  GenerateOopMap::do_interpretation()+0x9f
V  [libjvm.so+0x7b05fb]  GenerateOopMap::compute_map(Thread*)+0x26b
V  [libjvm.so+0xb5a587]  OopMapForCacheEntry::compute_map(Thread*)+0x67
V  [libjvm.so+0xb5b1fc]  OopMapCacheEntry::fill(methodHandle, int)+0x12c
V  [libjvm.so+0xb5ba42]  OopMapCache::compute_one_oop_map(methodHandle const&, int, InterpreterOopMap*)+0x102
V  [libjvm.so+0xb5bd56]  OopMapCache::lookup(methodHandle const&, int, InterpreterOopMap*) const+0x216
V  [libjvm.so+0xafb584]  Method::mask_for(int, InterpreterOopMap*)+0x74
V  [libjvm.so+0x9a5a4d]  VM_GetOrSetLocal::doit()+0x4d
V  [libjvm.so+0xd5d4f9]  VM_Operation::evaluate()+0x59
V  [libjvm.so+0xd5b243]  VMThread::evaluate_operation(VM_Operation*)+0xc3
V  [libjvm.so+0xd5b7b0]  VMThread::loop()+0x210
V  [libjvm.so+0xd5bcc2]  VMThread::run()+0x72
V  [libjvm.so+0xb6e132]  thread_native_entry(Thread*)+0xf2


siginfo: si_signo: 11 (SIGSEGV), si_code: 1 (SEGV_MAPERR), si_addr: 0x0000000300000031

Register to memory mapping:

RAX=0x00007f412c13ff70 is an unknown value
RBX=0x00007f412c13ff80 is an unknown value
RCX=0x00000000000000ca is an unknown value
RDX=0x0000000000000001 is an unknown value
RSP=0x00007f412c13ff30 is an unknown value
RBP=0x00007f412c13ff50 is an unknown value
RSI=0x000000030000002b is an unknown value
RDI=0x00007f412c13ff80 is an unknown value
R8 =0x0000000000000036 is an unknown value
R9 =0x0000000000000000 is an unknown value
R10=0x00007f41315e3880: <offset 0x0000000001322880> in /usr/lib/jvm/java-9-oracle/lib/server/libjvm.so at 0x00007f41302c1000
R11=0x00007f41280f2e40 is an unknown value
R12=0x00007f412c13ff80 is an unknown value
R13=0x000000030000002b is an unknown value
R14=0x00007f412c140900 is an unknown value
R15=0x0000000000000000 is an unknown value


Registers:
RAX=0x00007f412c13ff70, RBX=0x00007f412c13ff80, RCX=0x00000000000000ca, RDX=0x0000000000000001
RSP=0x00007f412c13ff30, RBP=0x00007f412c13ff50, RSI=0x000000030000002b, RDI=0x00007f412c13ff80
R8 =0x0000000000000036, R9 =0x0000000000000000, R10=0x00007f41315e3880, R11=0x00007f41280f2e40
R12=0x00007f412c13ff80, R13=0x000000030000002b, R14=0x00007f412c140900, R15=0x0000000000000000
RIP=0x00007f4130f10780, EFLAGS=0x0000000000010206, CSGSFS=0x0000000000000033, ERR=0x0000000000000004
  TRAPNO=0x000000000000000e

Top of Stack: (sp=0x00007f412c13ff30)
0x00007f412c13ff30:   00007f412c13ff50 00007f412c13ff80
0x00007f412c13ff40:   0000000000000036 00007f41315e34c0
0x00007f412c13ff50:   00007f412c1405f0 00007f4130a6a039
0x00007f412c13ff60:   00007f412c13ff70 00007f4130f1029c 

Instructions: (pc=0x00007f4130f10780)
0x00007f4130f10760:   55 ba 01 00 00 00 48 89 e5 41 55 41 54 53 49 89
0x00007f4130f10770:   fc 48 83 ec 08 4c 8b 6f 08 c7 47 10 00 00 00 00
0x00007f4130f10780:   41 80 7d 06 28 74 31 48 8d 15 a6 ac 1c 00 48 8d
0x00007f4130f10790:   3d fb ac 1c 00 31 c0 b9 28 00 00 00 be 35 00 00 

VM_Operation (0x00007f410c50da80): GetOrSetLocal, mode: safepoint, requested by thread 0x00007f4128265000


---------------  P R O C E S S  ---------------

Java Threads: ( => current thread )
  0x00007f41282e6000 JavaThread "Service Thread" daemon [_thread_blocked, id=8704, stack(0x00007f410c10b000,0x00007f410c20c000)]
  0x00007f40ac001000 JavaThread "JDWP Command Reader" daemon [_thread_in_native, id=8700, stack(0x00007f410c20c000,0x00007f410c30d000)]
  0x00007f4128269000 JavaThread "JDWP Event Helper Thread" daemon [_thread_blocked, id=8699, stack(0x00007f410c30d000,0x00007f410c40e000)]
  0x00007f4128265000 JavaThread "JDWP Transport Listener: dt_socket" daemon [_thread_blocked, id=8698, stack(0x00007f410c40e000,0x00007f410c50f000)]
  0x00007f41281cf000 JavaThread "Common-Cleaner" daemon [_thread_blocked, id=8697, stack(0x00007f410c713000,0x00007f410c814000)]
  0x00007f412818a800 JavaThread "Sweeper thread" daemon [_thread_blocked, id=8696, stack(0x00007f410cc3c000,0x00007f410cd3d000)]
  0x00007f4128188800 JavaThread "C1 CompilerThread2" daemon [_thread_blocked, id=8695, stack(0x00007f410cd3d000,0x00007f410ce3e000)]
  0x00007f4128186800 JavaThread "C2 CompilerThread1" daemon [_thread_blocked, id=8694, stack(0x00007f410ce3e000,0x00007f410cf3f000)]
  0x00007f4128184800 JavaThread "C2 CompilerThread0" daemon [_thread_blocked, id=8693, stack(0x00007f410cf3f000,0x00007f410d040000)]
  0x00007f4128183000 JavaThread "Signal Dispatcher" daemon [_thread_blocked, id=8692, stack(0x00007f410d040000,0x00007f410d141000)]
  0x00007f4128168800 JavaThread "Finalizer" daemon [_thread_blocked, id=8691, stack(0x00007f410d141000,0x00007f410d242000)]
  0x00007f4128160800 JavaThread "Reference Handler" daemon [_thread_blocked, id=8689, stack(0x00007f410d242000,0x00007f410d343000)]
  0x00007f4128015800 JavaThread "main" [_thread_blocked, id=8674, stack(0x00007f413235e000,0x00007f413245e000)]

Other Threads:
=>0x00007f4128156800 VMThread "VM Thread" [stack: 0x00007f412c042000,0x00007f412c142000] [id=8687]
  0x00007f41282e9000 WatcherThread [stack: 0x00007f410c00b000,0x00007f410c10b000] [id=8705]
  0x00007f412802d000 GCTaskThread "GC Thread#0" [stack: 0x00007f412e30e000,0x00007f412e40e000] [id=8676]
  0x00007f412802e800 GCTaskThread "GC Thread#1" [stack: 0x00007f412e20d000,0x00007f412e30d000] [id=8677]
  0x00007f4128030800 GCTaskThread "GC Thread#2" [stack: 0x00007f412e10c000,0x00007f412e20c000] [id=8678]
  0x00007f4128032000 GCTaskThread "GC Thread#3" [stack: 0x00007f412e00b000,0x00007f412e10b000] [id=8679]
  0x00007f412805f800 ConcurrentGCThread "G1 Main Marker" [stack: 0x00007f412c719000,0x00007f412c819000] [id=8685]
  0x00007f4128061800 ConcurrentGCThread "G1 Marker#0" [stack: 0x00007f412c618000,0x00007f412c718000] [id=8686]
  0x00007f4128039800 ConcurrentGCThread "G1 Refine#0" [stack: 0x00007f412d803000,0x00007f412d903000] [id=8683]
  0x00007f4128037800 ConcurrentGCThread "G1 Refine#1" [stack: 0x00007f412d904000,0x00007f412da04000] [id=8682]
  0x00007f4128036000 ConcurrentGCThread "G1 Refine#2" [stack: 0x00007f412da05000,0x00007f412db05000] [id=8681]
  0x00007f4128034000 ConcurrentGCThread "G1 Refine#3" [stack: 0x00007f412db06000,0x00007f412dc06000] [id=8680]
  0x00007f412803b000 ConcurrentGCThread "G1 Young RemSet Sampling" [stack: 0x00007f412d702000,0x00007f412d802000] [id=8684]

Threads with active compile tasks:

VM state:at safepoint (normal execution)

VM Mutex/Monitor currently owned by a thread:  ([mutex/lock_event])
[0x00007f4128011d20] Threads_lock - owner thread: 0x00007f4128156800

Heap address: 0x0000000088c00000, size: 1908 MB, Compressed Oops mode: 32-bit
Narrow klass base: 0x0000000000000000, Narrow klass shift: 3
Compressed class space size: 1073741824 Address: 0x0000000100000000

Heap:
 garbage-first heap   total 122880K, used 13312K [0x0000000088c00000, 0x0000000088d003c0, 0x0000000100000000)
  region size 1024K, 14 young (14336K), 0 survivors (0K)
 Metaspace       used 9616K, capacity 10396K, committed 10624K, reserved 1058816K
  class space    used 959K, capacity 1098K, committed 1152K, reserved 1048576K
Heap Regions: E=young(eden), S=young(survivor), O=old, HS=humongous(starts), HC=humongous(continues), CS=collection set, F=free, A=archive, TS=gc time stamp, AC=allocation context, TAMS=top-at-mark-start (previous, next)
|   0|0x0000000088c00000, 0x0000000088c00000, 0x0000000088d00000|  0%| F|  |TS  0|AC  0|TAMS 0x0000000088c00000, 0x0000000088c00000|
|   1|0x0000000088d00000, 0x0000000088d00000, 0x0000000088e00000|  0%| F|  |TS  0|AC  0|TAMS 0x0000000088d00000, 0x0000000088d00000|
|   2|0x0000000088e00000, 0x0000000088e00000, 0x0000000088f00000|  0%| F|  |TS  0|AC  0|TAMS 0x0000000088e00000, 0x0000000088e00000|
|   3|0x0000000088f00000, 0x0000000088f00000, 0x0000000089000000|  0%| F|  |TS  0|AC  0|TAMS 0x0000000088f00000, 0x0000000088f00000|
|   4|0x0000000089000000, 0x0000000089000000, 0x0000000089100000|  0%| F|  |TS  0|AC  0|TAMS 0x0000000089000000, 0x0000000089000000|
|   5|0x0000000089100000, 0x0000000089100000, 0x0000000089200000|  0%| F|  |TS  0|AC  0|TAMS 0x0000000089100000, 0x0000000089100000|
|   6|0x0000000089200000, 0x0000000089200000, 0x0000000089300000|  0%| F|  |TS  0|AC  0|TAMS 0x0000000089200000, 0x0000000089200000|
|   7|0x0000000089300000, 0x0000000089300000, 0x0000000089400000|  0%| F|  |TS  0|AC  0|TAMS 0x0000000089300000, 0x0000000089300000|
|   8|0x0000000089400000, 0x0000000089400000, 0x0000000089500000|  0%| F|  |TS  0|AC  0|TAMS 0x0000000089400000, 0x0000000089400000|
|   9|0x0000000089500000, 0x0000000089500000, 0x0000000089600000|  0%| F|  |TS  0|AC  0|TAMS 0x0000000089500000, 0x0000000089500000|
|  10|0x0000000089600000, 0x0000000089600000, 0x0000000089700000|  0%| F|  |TS  0|AC  0|TAMS 0x0000000089600000, 0x0000000089600000|
|  11|0x0000000089700000, 0x0000000089700000, 0x0000000089800000|  0%| F|  |TS  0|AC  0|TAMS 0x0000000089700000, 0x0000000089700000|
|  12|0x0000000089800000, 0x0000000089800000, 0x0000000089900000|  0%| F|  |TS  0|AC  0|TAMS 0x0000000089800000, 0x0000000089800000|
|  13|0x0000000089900000, 0x0000000089900000, 0x0000000089a00000|  0%| F|  |TS  0|AC  0|TAMS 0x0000000089900000, 0x0000000089900000|
|  14|0x0000000089a00000, 0x0000000089a00000, 0x0000000089b00000|  0%| F|  |TS  0|AC  0|TAMS 0x0000000089a00000, 0x0000000089a00000|
|  15|0x0000000089b00000, 0x0000000089b00000, 0x0000000089c00000|  0%| F|  |TS  0|AC  0|TAMS 0x0000000089b00000, 0x0000000089b00000|
|  16|0x0000000089c00000, 0x0000000089c00000, 0x0000000089d00000|  0%| F|  |TS  0|AC  0|TAMS 0x0000000089c00000, 0x0000000089c00000|
|  17|0x0000000089d00000, 0x0000000089d00000, 0x0000000089e00000|  0%| F|  |TS  0|AC  0|TAMS 0x0000000089d00000, 0x0000000089d00000|
|  18|0x0000000089e00000, 0x0000000089e00000, 0x0000000089f00000|  0%| F|  |TS  0|AC  0|TAMS 0x0000000089e00000, 0x0000000089e00000|
|  19|0x0000000089f00000, 0x0000000089f00000, 0x000000008a000000|  0%| F|  |TS  0|AC  0|TAMS 0x0000000089f00000, 0x0000000089f00000|
|  20|0x000000008a000000, 0x000000008a000000, 0x000000008a100000|  0%| F|  |TS  0|AC  0|TAMS 0x000000008a000000, 0x000000008a000000|
|  21|0x000000008a100000, 0x000000008a100000, 0x000000008a200000|  0%| F|  |TS  0|AC  0|TAMS 0x000000008a100000, 0x000000008a100000|
|  22|0x000000008a200000, 0x000000008a200000, 0x000000008a300000|  0%| F|  |TS  0|AC  0|TAMS 0x000000008a200000, 0x000000008a200000|
|  23|0x000000008a300000, 0x000000008a300000, 0x000000008a400000|  0%| F|  |TS  0|AC  0|TAMS 0x000000008a300000, 0x000000008a300000|
|  24|0x000000008a400000, 0x000000008a400000, 0x000000008a500000|  0%| F|  |TS  0|AC  0|TAMS 0x000000008a400000, 0x000000008a400000|
|  25|0x000000008a500000, 0x000000008a500000, 0x000000008a600000|  0%| F|  |TS  0|AC  0|TAMS 0x000000008a500000, 0x000000008a500000|
|  26|0x000000008a600000, 0x000000008a600000, 0x000000008a700000|  0%| F|  |TS  0|AC  0|TAMS 0x000000008a600000, 0x000000008a600000|
|  27|0x000000008a700000, 0x000000008a700000, 0x000000008a800000|  0%| F|  |TS  0|AC  0|TAMS 0x000000008a700000, 0x000000008a700000|
|  28|0x000000008a800000, 0x000000008a800000, 0x000000008a900000|  0%| F|  |TS  0|AC  0|TAMS 0x000000008a800000, 0x000000008a800000|
|  29|0x000000008a900000, 0x000000008a900000, 0x000000008aa00000|  0%| F|  |TS  0|AC  0|TAMS 0x000000008a900000, 0x000000008a900000|
|  30|0x000000008aa00000, 0x000000008aa00000, 0x000000008ab00000|  0%| F|  |TS  0|AC  0|TAMS 0x000000008aa00000, 0x000000008aa00000|
|  31|0x000000008ab00000, 0x000000008ab00000, 0x000000008ac00000|  0%| F|  |TS  0|AC  0|TAMS 0x000000008ab00000, 0x000000008ab00000|
|  32|0x000000008ac00000, 0x000000008ac00000, 0x000000008ad00000|  0%| F|  |TS  0|AC  0|TAMS 0x000000008ac00000, 0x000000008ac00000|
|  33|0x000000008ad00000, 0x000000008ad00000, 0x000000008ae00000|  0%| F|  |TS  0|AC  0|TAMS 0x000000008ad00000, 0x000000008ad00000|
|  34|0x000000008ae00000, 0x000000008ae00000, 0x000000008af00000|  0%| F|  |TS  0|AC  0|TAMS 0x000000008ae00000, 0x000000008ae00000|
|  35|0x000000008af00000, 0x000000008af00000, 0x000000008b000000|  0%| F|  |TS  0|AC  0|TAMS 0x000000008af00000, 0x000000008af00000|
|  36|0x000000008b000000, 0x000000008b000000, 0x000000008b100000|  0%| F|  |TS  0|AC  0|TAMS 0x000000008b000000, 0x000000008b000000|
|  37|0x000000008b100000, 0x000000008b100000, 0x000000008b200000|  0%| F|  |TS  0|AC  0|TAMS 0x000000008b100000, 0x000000008b100000|
|  38|0x000000008b200000, 0x000000008b200000, 0x000000008b300000|  0%| F|  |TS  0|AC  0|TAMS 0x000000008b200000, 0x000000008b200000|
|  39|0x000000008b300000, 0x000000008b300000, 0x000000008b400000|  0%| F|  |TS  0|AC  0|TAMS 0x000000008b300000, 0x000000008b300000|
|  40|0x000000008b400000, 0x000000008b400000, 0x000000008b500000|  0%| F|  |TS  0|AC  0|TAMS 0x000000008b400000, 0x000000008b400000|
|  41|0x000000008b500000, 0x000000008b500000, 0x000000008b600000|  0%| F|  |TS  0|AC  0|TAMS 0x000000008b500000, 0x000000008b500000|
|  42|0x000000008b600000, 0x000000008b600000, 0x000000008b700000|  0%| F|  |TS  0|AC  0|TAMS 0x000000008b600000, 0x000000008b600000|
|  43|0x000000008b700000, 0x000000008b700000, 0x000000008b800000|  0%| F|  |TS  0|AC  0|TAMS 0x000000008b700000, 0x000000008b700000|
|  44|0x000000008b800000, 0x000000008b800000, 0x000000008b900000|  0%| F|  |TS  0|AC  0|TAMS 0x000000008b800000, 0x000000008b800000|
|  45|0x000000008b900000, 0x000000008b900000, 0x000000008ba00000|  0%| F|  |TS  0|AC  0|TAMS 0x000000008b900000, 0x000000008b900000|
|  46|0x000000008ba00000, 0x000000008ba00000, 0x000000008bb00000|  0%| F|  |TS  0|AC  0|TAMS 0x000000008ba00000, 0x000000008ba00000|
|  47|0x000000008bb00000, 0x000000008bb00000, 0x000000008bc00000|  0%| F|  |TS  0|AC  0|TAMS 0x000000008bb00000, 0x000000008bb00000|
|  48|0x000000008bc00000, 0x000000008bc00000, 0x000000008bd00000|  0%| F|  |TS  0|AC  0|TAMS 0x000000008bc00000, 0x000000008bc00000|
|  49|0x000000008bd00000, 0x000000008bd00000, 0x000000008be00000|  0%| F|  |TS  0|AC  0|TAMS 0x000000008bd00000, 0x000000008bd00000|
|  50|0x000000008be00000, 0x000000008be00000, 0x000000008bf00000|  0%| F|  |TS  0|AC  0|TAMS 0x000000008be00000, 0x000000008be00000|
|  51|0x000000008bf00000, 0x000000008bf00000, 0x000000008c000000|  0%| F|  |TS  0|AC  0|TAMS 0x000000008bf00000, 0x000000008bf00000|
|  52|0x000000008c000000, 0x000000008c000000, 0x000000008c100000|  0%| F|  |TS  0|AC  0|TAMS 0x000000008c000000, 0x000000008c000000|
|  53|0x000000008c100000, 0x000000008c100000, 0x000000008c200000|  0%| F|  |TS  0|AC  0|TAMS 0x000000008c100000, 0x000000008c100000|
|  54|0x000000008c200000, 0x000000008c200000, 0x000000008c300000|  0%| F|  |TS  0|AC  0|TAMS 0x000000008c200000, 0x000000008c200000|
|  55|0x000000008c300000, 0x000000008c300000, 0x000000008c400000|  0%| F|  |TS  0|AC  0|TAMS 0x000000008c300000, 0x000000008c300000|
|  56|0x000000008c400000, 0x000000008c400000, 0x000000008c500000|  0%| F|  |TS  0|AC  0|TAMS 0x000000008c400000, 0x000000008c400000|
|  57|0x000000008c500000, 0x000000008c500000, 0x000000008c600000|  0%| F|  |TS  0|AC  0|TAMS 0x000000008c500000, 0x000000008c500000|
|  58|0x000000008c600000, 0x000000008c600000, 0x000000008c700000|  0%| F|  |TS  0|AC  0|TAMS 0x000000008c600000, 0x000000008c600000|
|  59|0x000000008c700000, 0x000000008c700000, 0x000000008c800000|  0%| F|  |TS  0|AC  0|TAMS 0x000000008c700000, 0x000000008c700000|
|  60|0x000000008c800000, 0x000000008c800000, 0x000000008c900000|  0%| F|  |TS  0|AC  0|TAMS 0x000000008c800000, 0x000000008c800000|
|  61|0x000000008c900000, 0x000000008c900000, 0x000000008ca00000|  0%| F|  |TS  0|AC  0|TAMS 0x000000008c900000, 0x000000008c900000|
|  62|0x000000008ca00000, 0x000000008ca00000, 0x000000008cb00000|  0%| F|  |TS  0|AC  0|TAMS 0x000000008ca00000, 0x000000008ca00000|
|  63|0x000000008cb00000, 0x000000008cb00000, 0x000000008cc00000|  0%| F|  |TS  0|AC  0|TAMS 0x000000008cb00000, 0x000000008cb00000|
|  64|0x000000008cc00000, 0x000000008cc00000, 0x000000008cd00000|  0%| F|  |TS  0|AC  0|TAMS 0x000000008cc00000, 0x000000008cc00000|
|  65|0x000000008cd00000, 0x000000008cd00000, 0x000000008ce00000|  0%| F|  |TS  0|AC  0|TAMS 0x000000008cd00000, 0x000000008cd00000|
|  66|0x000000008ce00000, 0x000000008ce00000, 0x000000008cf00000|  0%| F|  |TS  0|AC  0|TAMS 0x000000008ce00000, 0x000000008ce00000|
|  67|0x000000008cf00000, 0x000000008cf00000, 0x000000008d000000|  0%| F|  |TS  0|AC  0|TAMS 0x000000008cf00000, 0x000000008cf00000|
|  68|0x000000008d000000, 0x000000008d000000, 0x000000008d100000|  0%| F|  |TS  0|AC  0|TAMS 0x000000008d000000, 0x000000008d000000|
|  69|0x000000008d100000, 0x000000008d100000, 0x000000008d200000|  0%| F|  |TS  0|AC  0|TAMS 0x000000008d100000, 0x000000008d100000|
|  70|0x000000008d200000, 0x000000008d200000, 0x000000008d300000|  0%| F|  |TS  0|AC  0|TAMS 0x000000008d200000, 0x000000008d200000|
|  71|0x000000008d300000, 0x000000008d300000, 0x000000008d400000|  0%| F|  |TS  0|AC  0|TAMS 0x000000008d300000, 0x000000008d300000|
|  72|0x000000008d400000, 0x000000008d400000, 0x000000008d500000|  0%| F|  |TS  0|AC  0|TAMS 0x000000008d400000, 0x000000008d400000|
|  73|0x000000008d500000, 0x000000008d500000, 0x000000008d600000|  0%| F|  |TS  0|AC  0|TAMS 0x000000008d500000, 0x000000008d500000|
|  74|0x000000008d600000, 0x000000008d600000, 0x000000008d700000|  0%| F|  |TS  0|AC  0|TAMS 0x000000008d600000, 0x000000008d600000|
|  75|0x000000008d700000, 0x000000008d700000, 0x000000008d800000|  0%| F|  |TS  0|AC  0|TAMS 0x000000008d700000, 0x000000008d700000|
|  76|0x000000008d800000, 0x000000008d800000, 0x000000008d900000|  0%| F|  |TS  0|AC  0|TAMS 0x000000008d800000, 0x000000008d800000|
|  77|0x000000008d900000, 0x000000008d900000, 0x000000008da00000|  0%| F|  |TS  0|AC  0|TAMS 0x000000008d900000, 0x000000008d900000|
|  78|0x000000008da00000, 0x000000008da00000, 0x000000008db00000|  0%| F|  |TS  0|AC  0|TAMS 0x000000008da00000, 0x000000008da00000|
|  79|0x000000008db00000, 0x000000008db00000, 0x000000008dc00000|  0%| F|  |TS  0|AC  0|TAMS 0x000000008db00000, 0x000000008db00000|
|  80|0x000000008dc00000, 0x000000008dc00000, 0x000000008dd00000|  0%| F|  |TS  0|AC  0|TAMS 0x000000008dc00000, 0x000000008dc00000|
|  81|0x000000008dd00000, 0x000000008dd00000, 0x000000008de00000|  0%| F|  |TS  0|AC  0|TAMS 0x000000008dd00000, 0x000000008dd00000|
|  82|0x000000008de00000, 0x000000008de00000, 0x000000008df00000|  0%| F|  |TS  0|AC  0|TAMS 0x000000008de00000, 0x000000008de00000|
|  83|0x000000008df00000, 0x000000008df00000, 0x000000008e000000|  0%| F|  |TS  0|AC  0|TAMS 0x000000008df00000, 0x000000008df00000|
|  84|0x000000008e000000, 0x000000008e000000, 0x000000008e100000|  0%| F|  |TS  0|AC  0|TAMS 0x000000008e000000, 0x000000008e000000|
|  85|0x000000008e100000, 0x000000008e100000, 0x000000008e200000|  0%| F|  |TS  0|AC  0|TAMS 0x000000008e100000, 0x000000008e100000|
|  86|0x000000008e200000, 0x000000008e200000, 0x000000008e300000|  0%| F|  |TS  0|AC  0|TAMS 0x000000008e200000, 0x000000008e200000|
|  87|0x000000008e300000, 0x000000008e300000, 0x000000008e400000|  0%| F|  |TS  0|AC  0|TAMS 0x000000008e300000, 0x000000008e300000|
|  88|0x000000008e400000, 0x000000008e400000, 0x000000008e500000|  0%| F|  |TS  0|AC  0|TAMS 0x000000008e400000, 0x000000008e400000|
|  89|0x000000008e500000, 0x000000008e500000, 0x000000008e600000|  0%| F|  |TS  0|AC  0|TAMS 0x000000008e500000, 0x000000008e500000|
|  90|0x000000008e600000, 0x000000008e600000, 0x000000008e700000|  0%| F|  |TS  0|AC  0|TAMS 0x000000008e600000, 0x000000008e600000|
|  91|0x000000008e700000, 0x000000008e700000, 0x000000008e800000|  0%| F|  |TS  0|AC  0|TAMS 0x000000008e700000, 0x000000008e700000|
|  92|0x000000008e800000, 0x000000008e800000, 0x000000008e900000|  0%| F|  |TS  0|AC  0|TAMS 0x000000008e800000, 0x000000008e800000|
|  93|0x000000008e900000, 0x000000008e900000, 0x000000008ea00000|  0%| F|  |TS  0|AC  0|TAMS 0x000000008e900000, 0x000000008e900000|
|  94|0x000000008ea00000, 0x000000008ea00000, 0x000000008eb00000|  0%| F|  |TS  0|AC  0|TAMS 0x000000008ea00000, 0x000000008ea00000|
|  95|0x000000008eb00000, 0x000000008eb00000, 0x000000008ec00000|  0%| F|  |TS  0|AC  0|TAMS 0x000000008eb00000, 0x000000008eb00000|
|  96|0x000000008ec00000, 0x000000008ec00000, 0x000000008ed00000|  0%| F|  |TS  0|AC  0|TAMS 0x000000008ec00000, 0x000000008ec00000|
|  97|0x000000008ed00000, 0x000000008ed00000, 0x000000008ee00000|  0%| F|  |TS  0|AC  0|TAMS 0x000000008ed00000, 0x000000008ed00000|
|  98|0x000000008ee00000, 0x000000008ee00000, 0x000000008ef00000|  0%| F|  |TS  0|AC  0|TAMS 0x000000008ee00000, 0x000000008ee00000|
|  99|0x000000008ef00000, 0x000000008ef00000, 0x000000008f000000|  0%| F|  |TS  0|AC  0|TAMS 0x000000008ef00000, 0x000000008ef00000|
| 100|0x000000008f000000, 0x000000008f000000, 0x000000008f100000|  0%| F|  |TS  0|AC  0|TAMS 0x000000008f000000, 0x000000008f000000|
| 101|0x000000008f100000, 0x000000008f100000, 0x000000008f200000|  0%| F|  |TS  0|AC  0|TAMS 0x000000008f100000, 0x000000008f100000|
| 102|0x000000008f200000, 0x000000008f200000, 0x000000008f300000|  0%| F|  |TS  0|AC  0|TAMS 0x000000008f200000, 0x000000008f200000|
| 103|0x000000008f300000, 0x000000008f300000, 0x000000008f400000|  0%| F|  |TS  0|AC  0|TAMS 0x000000008f300000, 0x000000008f300000|
| 104|0x000000008f400000, 0x000000008f400000, 0x000000008f500000|  0%| F|  |TS  0|AC  0|TAMS 0x000000008f400000, 0x000000008f400000|
| 105|0x000000008f500000, 0x000000008f500000, 0x000000008f600000|  0%| F|  |TS  0|AC  0|TAMS 0x000000008f500000, 0x000000008f500000|
| 106|0x000000008f600000, 0x000000008f6b6ab8, 0x000000008f700000| 71%| E|  |TS  0|AC  0|TAMS 0x000000008f600000, 0x000000008f600000|
| 107|0x000000008f700000, 0x000000008f800000, 0x000000008f800000|100%| E|CS|TS  0|AC  0|TAMS 0x000000008f700000, 0x000000008f700000|
| 108|0x000000008f800000, 0x000000008f900000, 0x000000008f900000|100%| E|CS|TS  0|AC  0|TAMS 0x000000008f800000, 0x000000008f800000|
| 109|0x000000008f900000, 0x000000008fa00000, 0x000000008fa00000|100%| E|CS|TS  0|AC  0|TAMS 0x000000008f900000, 0x000000008f900000|
| 110|0x000000008fa00000, 0x000000008fb00000, 0x000000008fb00000|100%| E|CS|TS  0|AC  0|TAMS 0x000000008fa00000, 0x000000008fa00000|
| 111|0x000000008fb00000, 0x000000008fc00000, 0x000000008fc00000|100%| E|CS|TS  0|AC  0|TAMS 0x000000008fb00000, 0x000000008fb00000|
| 112|0x000000008fc00000, 0x000000008fd00000, 0x000000008fd00000|100%| E|CS|TS  0|AC  0|TAMS 0x000000008fc00000, 0x000000008fc00000|
| 113|0x000000008fd00000, 0x000000008fe00000, 0x000000008fe00000|100%| E|CS|TS  0|AC  0|TAMS 0x000000008fd00000, 0x000000008fd00000|
| 114|0x000000008fe00000, 0x000000008ff00000, 0x000000008ff00000|100%| E|CS|TS  0|AC  0|TAMS 0x000000008fe00000, 0x000000008fe00000|
| 115|0x000000008ff00000, 0x0000000090000000, 0x0000000090000000|100%| E|CS|TS  0|AC  0|TAMS 0x000000008ff00000, 0x000000008ff00000|
| 116|0x0000000090000000, 0x0000000090100000, 0x0000000090100000|100%| E|CS|TS  0|AC  0|TAMS 0x0000000090000000, 0x0000000090000000|
| 117|0x0000000090100000, 0x0000000090200000, 0x0000000090200000|100%| E|CS|TS  0|AC  0|TAMS 0x0000000090100000, 0x0000000090100000|
| 118|0x0000000090200000, 0x0000000090300000, 0x0000000090300000|100%| E|CS|TS  0|AC  0|TAMS 0x0000000090200000, 0x0000000090200000|
| 119|0x0000000090300000, 0x0000000090400000, 0x0000000090400000|100%| E|CS|TS  0|AC  0|TAMS 0x0000000090300000, 0x0000000090300000|

Card table byte_map: [0x00007f412cbd3000,0x00007f412cf8d000] byte_map_base: 0x00007f412c78d000

Marking Bits (Prev, Next): (CMBitMap*) 0x00007f412805ec70, (CMBitMap*) 0x00007f412805eca8
 Prev Bits: [0x00007f40e6230000, 0x00007f40e8000000)
 Next Bits: [0x00007f40e4460000, 0x00007f40e6230000)

Polling page: 0x00007f413247e000

CodeHeap 'non-profiled nmethods': size=120032Kb used=271Kb max_used=271Kb free=119760Kb
 bounds [0x00007f411560b000, 0x00007f411587b000, 0x00007f411cb43000]
CodeHeap 'profiled nmethods': size=120032Kb used=1505Kb max_used=1505Kb free=118527Kb
 bounds [0x00007f410e0d3000, 0x00007f410e343000, 0x00007f411560b000]
CodeHeap 'non-nmethods': size=5696Kb used=1190Kb max_used=1203Kb free=4505Kb
 bounds [0x00007f410db43000, 0x00007f410ddb3000, 0x00007f410e0d3000]
 total_blobs=1353 nmethods=852 adapters=267
 compilation: enabled

Compilation events (10 events):
Event: 1.371 Thread 0x00007f4128186800 nmethod 848 0x00007f411564c710 code [0x00007f411564c8e0, 0x00007f411564ca98]
Event: 1.372 Thread 0x00007f4128188800  849 %     3       SortTest::generateRandomArrayOfSize @ 6 (34 bytes)
Event: 1.372 Thread 0x00007f4128188800 nmethod 849% 0x00007f410e24a210 code [0x00007f410e24a440, 0x00007f410e24a978]
Event: 1.372 Thread 0x00007f4128188800  850       3       SortTest::generateRandomArrayOfSize (34 bytes)
Event: 1.373 Thread 0x00007f4128188800 nmethod 850 0x00007f410e24ab90 code [0x00007f410e24adc0, 0x00007f410e24b258]
Event: 1.377 Thread 0x00007f4128186800  851       4       jdk.internal.org.objectweb.asm.Item::<init> (66 bytes)
Event: 1.382 Thread 0x00007f4128186800 nmethod 851 0x00007f411564cc10 code [0x00007f411564cda0, 0x00007f411564d118]
Event: 1.382 Thread 0x00007f4128186800  852       4       jdk.internal.org.objectweb.asm.ClassWriter::put (152 bytes)
Event: 1.389 Thread 0x00007f4128186800 nmethod 852 0x00007f411564d210 code [0x00007f411564d3c0, 0x00007f411564d7d8]
Event: 1.413 Thread 0x00007f4128184800 nmethod 834 0x00007f411564d990 code [0x00007f411564dba0, 0x00007f411564e8c8]

GC Heap History (0 events):
No events

Deoptimization events (2 events):
Event: 1.083 Thread 0x00007f4128015800 Uncommon trap: reason=unstable_if action=reinterpret pc=0x00007f4115639160 method=java.util.HashMap.getNode(ILjava/lang/Object;)Ljava/util/HashMap$Node; @ 62 c2
Event: 1.104 Thread 0x00007f4128015800 Uncommon trap: reason=unstable_if action=reinterpret pc=0x00007f411563b4c8 method=java.util.HashMap.getNode(ILjava/lang/Object;)Ljava/util/HashMap$Node; @ 129 c2

Classes redefined (2 events):
Event: 118.439 Thread 0x00007f4128156800 redefined class name=MergeSort, count=1
Event: 235.817 Thread 0x00007f4128156800 redefined class name=MergeSort, count=2

Internal exceptions (10 events):
Event: 1.028 Thread 0x00007f4128015800 Exception <a 'java/lang/NoSuchMethodError'{0x000000008fbbf160}: java.lang.invoke.DirectMethodHandle$Holder.invokeStaticInit(Ljava/lang/Object;Ljava/lang/Object;)I> (0x000000008fbbf160) thrown at [/scratch/opt/mach5/mesos/work_dir/slaves/5af44a71-976a-41b7
Event: 1.047 Thread 0x00007f4128015800 Exception <a 'java/lang/NoSuchMethodError'{0x000000008fa2d710}: java.lang.Object.lambda$andThen$1(Ljava/util/function/Function;Ljava/lang/Object;)Ljava/lang/Object;> (0x000000008fa2d710) thrown at [/scratch/opt/mach5/mesos/work_dir/slaves/5af44a71-976a-41
Event: 1.047 Thread 0x00007f4128015800 Exception <a 'java/lang/NoSuchMethodError'{0x000000008fa31488}: java.lang.invoke.DirectMethodHandle$Holder.invokeSpecial(Ljava/lang/Object;Ljava/lang/Object;Ljava/lang/Object;Ljava/lang/Object;)V> (0x000000008fa31488) thrown at [/scratch/opt/mach5/mesos/w
Event: 1.074 Thread 0x00007f4128015800 Exception <a 'java/lang/NoSuchMethodError'{0x000000008fa65ab8}: java.lang.Object.of([Ljava/lang/Object;)Ljava/util/stream/Stream;> (0x000000008fa65ab8) thrown at [/scratch/opt/mach5/mesos/work_dir/slaves/5af44a71-976a-41b7-81de-5773b84ec572-S39643/framewo
Event: 1.125 Thread 0x00007f4128015800 Exception <a 'java/lang/NoSuchMethodError'{0x000000008f93da88}: java.lang.invoke.DirectMethodHandle$Holder.invokeInterface(Ljava/lang/Object;Ljava/lang/Object;)V> (0x000000008f93da88) thrown at [/scratch/opt/mach5/mesos/work_dir/slaves/5af44a71-976a-41b7-
Event: 1.125 Thread 0x00007f4128015800 Exception <a 'java/lang/IncompatibleClassChangeError'{0x000000008f940690}: Found class java.lang.Object, but interface was expected> (0x000000008f940690) thrown at [/scratch/opt/mach5/mesos/work_dir/slaves/5af44a71-976a-41b7-81de-5773b84ec572-S39643/frame
Event: 1.127 Thread 0x00007f4128015800 Exception <a 'java/lang/NoSuchMethodError'{0x000000008f944ee8}: java.lang.Object.lambda$accept$0(Lorg/junit/platform/engine/TestDescriptor$Visitor;Lorg/junit/platform/engine/TestDescriptor;)V> (0x000000008f944ee8) thrown at [/scratch/opt/mach5/mesos/work_
Event: 1.131 Thread 0x00007f4128015800 Exception <a 'java/lang/NoSuchMethodError'{0x000000008f94c048}: java.lang.Object.containsTests(Lorg/junit/platform/engine/TestDescriptor;)Z> (0x000000008f94c048) thrown at [/scratch/opt/mach5/mesos/work_dir/slaves/5af44a71-976a-41b7-81de-5773b84ec572-S396
Event: 1.254 Thread 0x00007f4128015800 Exception <a 'java/lang/NoSuchMethodError'{0x000000008f8bd930}: method resolution failed> (0x000000008f8bd930) thrown at [/scratch/opt/mach5/mesos/work_dir/slaves/5af44a71-976a-41b7-81de-5773b84ec572-S39643/frameworks/1735e8a2-a1db-478c-8104-60c8b0af87dd-
Event: 1.333 Thread 0x00007f4128015800 Exception <a 'java/lang/NoSuchMethodError'{0x000000008f77ea10}: java.lang.invoke.DirectMethodHandle$Holder.invokeInterface(Ljava/lang/Object;Ljava/lang/Object;Ljava/lang/Object;)V> (0x000000008f77ea10) thrown at [/scratch/opt/mach5/mesos/work_dir/slaves/5

Events (10 events):
Event: 235.933 Executing VM operation: ChangeBreakpoints done
Event: 235.936 Executing VM operation: ChangeBreakpoints
Event: 235.937 Executing VM operation: ChangeBreakpoints done
Event: 235.944 Executing VM operation: GetFrameCount
Event: 235.944 Executing VM operation: GetFrameCount done
Event: 235.945 Executing VM operation: GetFrameLocation
Event: 235.945 Executing VM operation: GetFrameLocation done
Event: 235.945 Executing VM operation: GetFrameLocation
Event: 235.945 Executing VM operation: GetFrameLocation done
Event: 235.946 Executing VM operation: GetOrSetLocal


Dynamic libraries:
00400000-00401000 r-xp 00000000 08:05 789537                             /usr/lib/jvm/java-9-oracle/bin/java
00600000-00601000 rw-p 00000000 08:05 789537                             /usr/lib/jvm/java-9-oracle/bin/java
00941000-00962000 rw-p 00000000 00:00 0                                  [heap]
88c00000-90400000 rw-p 00000000 00:00 0 
90400000-100000000 ---p 00000000 00:00 0 
100000000-100120000 rw-p 00000000 00:00 0 
100120000-140000000 ---p 00000000 00:00 0 
7f409c000000-7f409c021000 rw-p 00000000 00:00 0 
7f409c021000-7f40a0000000 ---p 00000000 00:00 0 
7f40a4000000-7f40a4021000 rw-p 00000000 00:00 0 
7f40a4021000-7f40a8000000 ---p 00000000 00:00 0 
7f40a8000000-7f40a8021000 rw-p 00000000 00:00 0 
7f40a8021000-7f40ac000000 ---p 00000000 00:00 0 
7f40ac000000-7f40ac025000 rw-p 00000000 00:00 0 
7f40ac025000-7f40b0000000 ---p 00000000 00:00 0 
7f40b0000000-7f40b0025000 rw-p 00000000 00:00 0 
7f40b0025000-7f40b4000000 ---p 00000000 00:00 0 
7f40b4000000-7f40b4021000 rw-p 00000000 00:00 0 
7f40b4021000-7f40b8000000 ---p 00000000 00:00 0 
7f40b8000000-7f40b8021000 rw-p 00000000 00:00 0 
7f40b8021000-7f40bc000000 ---p 00000000 00:00 0 
7f40bc000000-7f40bc1a0000 rw-p 00000000 00:00 0 
7f40bc1a0000-7f40c0000000 ---p 00000000 00:00 0 
7f40c0000000-7f40c0360000 rw-p 00000000 00:00 0 
7f40c0360000-7f40c4000000 ---p 00000000 00:00 0 
7f40c4000000-7f40c4021000 rw-p 00000000 00:00 0 
7f40c4021000-7f40c8000000 ---p 00000000 00:00 0 
7f40c8000000-7f40c8256000 rw-p 00000000 00:00 0 
7f40c8256000-7f40cc000000 ---p 00000000 00:00 0 
7f40cc000000-7f40cc021000 rw-p 00000000 00:00 0 
7f40cc021000-7f40d0000000 ---p 00000000 00:00 0 
7f40d0000000-7f40d0021000 rw-p 00000000 00:00 0 
7f40d0021000-7f40d4000000 ---p 00000000 00:00 0 
7f40d4000000-7f40d4079000 rw-p 00000000 00:00 0 
7f40d4079000-7f40d8000000 ---p 00000000 00:00 0 
7f40d8000000-7f40d8021000 rw-p 00000000 00:00 0 
7f40d8021000-7f40dc000000 ---p 00000000 00:00 0 
7f40dde01000-7f40de000000 rw-p 00000000 00:00 0 
7f40de000000-7f40e0000000 rwxp 00000000 00:00 0 
7f40e0000000-7f40e0021000 rw-p 00000000 00:00 0 
7f40e0021000-7f40e4000000 ---p 00000000 00:00 0 
7f40e4131000-7f40e43a0000 rw-p 00000000 00:00 0 
7f40e43a0000-7f40e4460000 ---p 00000000 00:00 0 
7f40e4460000-7f40e4640000 rw-p 00000000 00:00 0 
7f40e4640000-7f40e6230000 ---p 00000000 00:00 0 
7f40e6230000-7f40e6410000 rw-p 00000000 00:00 0 
7f40e6410000-7f40e8000000 ---p 00000000 00:00 0 
7f40e8000000-7f40e8021000 rw-p 00000000 00:00 0 
7f40e8021000-7f40ec000000 ---p 00000000 00:00 0 
7f40ec000000-7f40ec021000 rw-p 00000000 00:00 0 
7f40ec021000-7f40f0000000 ---p 00000000 00:00 0 
7f40f0000000-7f40f0021000 rw-p 00000000 00:00 0 
7f40f0021000-7f40f4000000 ---p 00000000 00:00 0 
7f40f4000000-7f40f4021000 rw-p 00000000 00:00 0 
7f40f4021000-7f40f8000000 ---p 00000000 00:00 0 
7f40f8000000-7f40f8021000 rw-p 00000000 00:00 0 
7f40f8021000-7f40fc000000 ---p 00000000 00:00 0 
7f40fc000000-7f40fc021000 rw-p 00000000 00:00 0 
7f40fc021000-7f4100000000 ---p 00000000 00:00 0 
7f4100000000-7f4100021000 rw-p 00000000 00:00 0 
7f4100021000-7f4104000000 ---p 00000000 00:00 0 
7f4104000000-7f4104021000 rw-p 00000000 00:00 0 
7f4104021000-7f4108000000 ---p 00000000 00:00 0 
7f4108000000-7f4108021000 rw-p 00000000 00:00 0 
7f4108021000-7f410c000000 ---p 00000000 00:00 0 
7f410c00a000-7f410c00b000 ---p 00000000 00:00 0 
7f410c00b000-7f410c10b000 rw-p 00000000 00:00 0 
7f410c10b000-7f410c10f000 ---p 00000000 00:00 0 
7f410c10f000-7f410c20c000 rw-p 00000000 00:00 0 
7f410c20c000-7f410c210000 ---p 00000000 00:00 0 
7f410c210000-7f410c30d000 rw-p 00000000 00:00 0 
7f410c30d000-7f410c311000 ---p 00000000 00:00 0 
7f410c311000-7f410c40e000 rw-p 00000000 00:00 0 
7f410c40e000-7f410c412000 ---p 00000000 00:00 0 
7f410c412000-7f410c50f000 rw-p 00000000 00:00 0 
7f410c50f000-7f410c513000 r-xp 00000000 08:05 807442                     /usr/lib/jvm/java-9-oracle/lib/libdt_socket.so
7f410c513000-7f410c712000 ---p 00004000 08:05 807442                     /usr/lib/jvm/java-9-oracle/lib/libdt_socket.so
7f410c712000-7f410c713000 rw-p 00003000 08:05 807442                     /usr/lib/jvm/java-9-oracle/lib/libdt_socket.so
7f410c713000-7f410c717000 ---p 00000000 00:00 0 
7f410c717000-7f410c814000 rw-p 00000000 00:00 0 
7f410c814000-7f410c82a000 r-xp 00000000 08:05 789656                     /usr/lib/jvm/java-9-oracle/lib/libnet.so
7f410c82a000-7f410ca2a000 ---p 00016000 08:05 789656                     /usr/lib/jvm/java-9-oracle/lib/libnet.so
7f410ca2a000-7f410ca2b000 rw-p 00016000 08:05 789656                     /usr/lib/jvm/java-9-oracle/lib/libnet.so
7f410ca2b000-7f410ca3b000 r-xp 00000000 08:05 807446                     /usr/lib/jvm/java-9-oracle/lib/libnio.so
7f410ca3b000-7f410cc3b000 ---p 00010000 08:05 807446                     /usr/lib/jvm/java-9-oracle/lib/libnio.so
7f410cc3b000-7f410cc3c000 rw-p 00010000 08:05 807446                     /usr/lib/jvm/java-9-oracle/lib/libnio.so
7f410cc3c000-7f410cc40000 ---p 00000000 00:00 0 
7f410cc40000-7f410cd3d000 rw-p 00000000 00:00 0 
7f410cd3d000-7f410cd41000 ---p 00000000 00:00 0 
7f410cd41000-7f410ce3e000 rw-p 00000000 00:00 0 
7f410ce3e000-7f410ce42000 ---p 00000000 00:00 0 
7f410ce42000-7f410cf3f000 rw-p 00000000 00:00 0 
7f410cf3f000-7f410cf43000 ---p 00000000 00:00 0 
7f410cf43000-7f410d040000 rw-p 00000000 00:00 0 
7f410d040000-7f410d044000 ---p 00000000 00:00 0 
7f410d044000-7f410d141000 rw-p 00000000 00:00 0 
7f410d141000-7f410d145000 ---p 00000000 00:00 0 
7f410d145000-7f410d242000 rw-p 00000000 00:00 0 
7f410d242000-7f410d246000 ---p 00000000 00:00 0 
7f410d246000-7f410db43000 rw-p 00000000 00:00 0 
7f410db43000-7f410ddb3000 rwxp 00000000 00:00 0 
7f410ddb3000-7f410e0d3000 ---p 00000000 00:00 0 
7f410e0d3000-7f410e343000 rwxp 00000000 00:00 0 
7f410e343000-7f411560b000 ---p 00000000 00:00 0 
7f411560b000-7f411587b000 rwxp 00000000 00:00 0 
7f411587b000-7f411cb43000 ---p 00000000 00:00 0 
7f411cb43000-7f4128000000 r--s 00000000 08:05 807394                     /usr/lib/jvm/java-9-oracle/lib/modules
7f4128000000-7f4128429000 rw-p 00000000 00:00 0 
7f4128429000-7f412c000000 ---p 00000000 00:00 0 
7f412c041000-7f412c042000 ---p 00000000 00:00 0 
7f412c042000-7f412c617000 rw-p 00000000 00:00 0 
7f412c617000-7f412c618000 ---p 00000000 00:00 0 
7f412c618000-7f412c718000 rw-p 00000000 00:00 0 
7f412c718000-7f412c719000 ---p 00000000 00:00 0 
7f412c719000-7f412c855000 rw-p 00000000 00:00 0 
7f412c855000-7f412cbd3000 ---p 00000000 00:00 0 
7f412cbd3000-7f412cc0f000 rw-p 00000000 00:00 0 
7f412cc0f000-7f412d347000 ---p 00000000 00:00 0 
7f412d347000-7f412d383000 rw-p 00000000 00:00 0 
7f412d383000-7f412d701000 ---p 00000000 00:00 0 
7f412d701000-7f412d702000 ---p 00000000 00:00 0 
7f412d702000-7f412d802000 rw-p 00000000 00:00 0 
7f412d802000-7f412d803000 ---p 00000000 00:00 0 
7f412d803000-7f412d903000 rw-p 00000000 00:00 0 
7f412d903000-7f412d904000 ---p 00000000 00:00 0 
7f412d904000-7f412da04000 rw-p 00000000 00:00 0 
7f412da04000-7f412da05000 ---p 00000000 00:00 0 
7f412da05000-7f412db05000 rw-p 00000000 00:00 0 
7f412db05000-7f412db06000 ---p 00000000 00:00 0 
7f412db06000-7f412e00a000 rw-p 00000000 00:00 0 
7f412e00a000-7f412e00b000 ---p 00000000 00:00 0 
7f412e00b000-7f412e10b000 rw-p 00000000 00:00 0 
7f412e10b000-7f412e10c000 ---p 00000000 00:00 0 
7f412e10c000-7f412e20c000 rw-p 00000000 00:00 0 
7f412e20c000-7f412e20d000 ---p 00000000 00:00 0 
7f412e20d000-7f412e30d000 rw-p 00000000 00:00 0 
7f412e30d000-7f412e30e000 ---p 00000000 00:00 0 
7f412e30e000-7f412e413000 rw-p 00000000 00:00 0 
7f412e413000-7f412e4f9000 ---p 00000000 00:00 0 
7f412e4f9000-7f412e4fe000 rw-p 00000000 00:00 0 
7f412e4fe000-7f412e5e4000 ---p 00000000 00:00 0 
7f412e5e4000-7f412e5fe000 r-xp 00000000 08:05 789602                     /usr/lib/jvm/java-9-oracle/lib/libjimage.so
7f412e5fe000-7f412e7fd000 ---p 0001a000 08:05 789602                     /usr/lib/jvm/java-9-oracle/lib/libjimage.so
7f412e7fd000-7f412e7ff000 rw-p 00019000 08:05 789602                     /usr/lib/jvm/java-9-oracle/lib/libjimage.so
7f412e7ff000-7f412e811000 rw-p 00000000 00:00 0 
7f412e811000-7f412e818000 r-xp 00000000 08:05 808182                     /usr/lib/jvm/java-9-oracle/lib/libzip.so
7f412e818000-7f412ea17000 ---p 00007000 08:05 808182                     /usr/lib/jvm/java-9-oracle/lib/libzip.so
7f412ea17000-7f412ea18000 rw-p 00006000 08:05 808182                     /usr/lib/jvm/java-9-oracle/lib/libzip.so
7f412ea18000-7f412ea23000 r-xp 00000000 08:05 2362607                    /lib/x86_64-linux-gnu/libnss_files-2.23.so
7f412ea23000-7f412ec22000 ---p 0000b000 08:05 2362607                    /lib/x86_64-linux-gnu/libnss_files-2.23.so
7f412ec22000-7f412ec23000 r--p 0000a000 08:05 2362607                    /lib/x86_64-linux-gnu/libnss_files-2.23.so
7f412ec23000-7f412ec24000 rw-p 0000b000 08:05 2362607                    /lib/x86_64-linux-gnu/libnss_files-2.23.so
7f412ec24000-7f412ec2a000 rw-p 00000000 00:00 0 
7f412ec2a000-7f412ec35000 r-xp 00000000 08:05 2362629                    /lib/x86_64-linux-gnu/libnss_nis-2.23.so
7f412ec35000-7f412ee34000 ---p 0000b000 08:05 2362629                    /lib/x86_64-linux-gnu/libnss_nis-2.23.so
7f412ee34000-7f412ee35000 r--p 0000a000 08:05 2362629                    /lib/x86_64-linux-gnu/libnss_nis-2.23.so
7f412ee35000-7f412ee36000 rw-p 0000b000 08:05 2362629                    /lib/x86_64-linux-gnu/libnss_nis-2.23.so
7f412ee36000-7f412ee4c000 r-xp 00000000 08:05 2361528                    /lib/x86_64-linux-gnu/libnsl-2.23.so
7f412ee4c000-7f412f04b000 ---p 00016000 08:05 2361528                    /lib/x86_64-linux-gnu/libnsl-2.23.so
7f412f04b000-7f412f04c000 r--p 00015000 08:05 2361528                    /lib/x86_64-linux-gnu/libnsl-2.23.so
7f412f04c000-7f412f04d000 rw-p 00016000 08:05 2361528                    /lib/x86_64-linux-gnu/libnsl-2.23.so
7f412f04d000-7f412f04f000 rw-p 00000000 00:00 0 
7f412f04f000-7f412f057000 r-xp 00000000 08:05 2362577                    /lib/x86_64-linux-gnu/libnss_compat-2.23.so
7f412f057000-7f412f256000 ---p 00008000 08:05 2362577                    /lib/x86_64-linux-gnu/libnss_compat-2.23.so
7f412f256000-7f412f257000 r--p 00007000 08:05 2362577                    /lib/x86_64-linux-gnu/libnss_compat-2.23.so
7f412f257000-7f412f258000 rw-p 00008000 08:05 2362577                    /lib/x86_64-linux-gnu/libnss_compat-2.23.so
7f412f258000-7f412f530000 r--p 00000000 08:05 788054                     /usr/lib/locale/locale-archive
7f412f530000-7f412f53a000 r-xp 00000000 08:05 789638                     /usr/lib/jvm/java-9-oracle/lib/libinstrument.so
7f412f53a000-7f412f739000 ---p 0000a000 08:05 789638                     /usr/lib/jvm/java-9-oracle/lib/libinstrument.so
7f412f739000-7f412f73a000 rw-p 00009000 08:05 789638                     /usr/lib/jvm/java-9-oracle/lib/libinstrument.so
7f412f73a000-7f412f775000 r-xp 00000000 08:05 807430                     /usr/lib/jvm/java-9-oracle/lib/libjdwp.so
7f412f775000-7f412f974000 ---p 0003b000 08:05 807430                     /usr/lib/jvm/java-9-oracle/lib/libjdwp.so
7f412f974000-7f412f975000 rw-p 0003a000 08:05 807430                     /usr/lib/jvm/java-9-oracle/lib/libjdwp.so
7f412f975000-7f412f976000 rw-p 00000000 00:00 0 
7f412f976000-7f412f9a1000 r-xp 00000000 08:05 789642                     /usr/lib/jvm/java-9-oracle/lib/libjava.so
7f412f9a1000-7f412fba0000 ---p 0002b000 08:05 789642                     /usr/lib/jvm/java-9-oracle/lib/libjava.so
7f412fba0000-7f412fba2000 rw-p 0002a000 08:05 789642                     /usr/lib/jvm/java-9-oracle/lib/libjava.so
7f412fba2000-7f412fbaf000 r-xp 00000000 08:05 789680                     /usr/lib/jvm/java-9-oracle/lib/libverify.so
7f412fbaf000-7f412fdae000 ---p 0000d000 08:05 789680                     /usr/lib/jvm/java-9-oracle/lib/libverify.so
7f412fdae000-7f412fdb0000 rw-p 0000c000 08:05 789680                     /usr/lib/jvm/java-9-oracle/lib/libverify.so
7f412fdb0000-7f412fdb7000 r-xp 00000000 08:05 2362630                    /lib/x86_64-linux-gnu/librt-2.23.so
7f412fdb7000-7f412ffb6000 ---p 00007000 08:05 2362630                    /lib/x86_64-linux-gnu/librt-2.23.so
7f412ffb6000-7f412ffb7000 r--p 00006000 08:05 2362630                    /lib/x86_64-linux-gnu/librt-2.23.so
7f412ffb7000-7f412ffb8000 rw-p 00007000 08:05 2362630                    /lib/x86_64-linux-gnu/librt-2.23.so
7f412ffb8000-7f41300c0000 r-xp 00000000 08:05 2361478                    /lib/x86_64-linux-gnu/libm-2.23.so
7f41300c0000-7f41302bf000 ---p 00108000 08:05 2361478                    /lib/x86_64-linux-gnu/libm-2.23.so
7f41302bf000-7f41302c0000 r--p 00107000 08:05 2361478                    /lib/x86_64-linux-gnu/libm-2.23.so
7f41302c0000-7f41302c1000 rw-p 00108000 08:05 2361478                    /lib/x86_64-linux-gnu/libm-2.23.so
7f41302c1000-7f41312d6000 r-xp 00000000 08:05 1865803                    /usr/lib/jvm/java-9-oracle/lib/server/libjvm.so
7f41312d6000-7f41314d5000 ---p 01015000 08:05 1865803                    /usr/lib/jvm/java-9-oracle/lib/server/libjvm.so
7f41314d5000-7f41315a6000 r--p 01014000 08:05 1865803                    /usr/lib/jvm/java-9-oracle/lib/server/libjvm.so
7f41315a6000-7f41315dd000 rw-p 010e5000 08:05 1865803                    /usr/lib/jvm/java-9-oracle/lib/server/libjvm.so
7f41315dd000-7f4131646000 rw-p 00000000 00:00 0 
7f4131646000-7f4131806000 r-xp 00000000 08:05 2362546                    /lib/x86_64-linux-gnu/libc-2.23.so
7f4131806000-7f4131a06000 ---p 001c0000 08:05 2362546                    /lib/x86_64-linux-gnu/libc-2.23.so
7f4131a06000-7f4131a0a000 r--p 001c0000 08:05 2362546                    /lib/x86_64-linux-gnu/libc-2.23.so
7f4131a0a000-7f4131a0c000 rw-p 001c4000 08:05 2362546                    /lib/x86_64-linux-gnu/libc-2.23.so
7f4131a0c000-7f4131a10000 rw-p 00000000 00:00 0 
7f4131a10000-7f4131a13000 r-xp 00000000 08:05 2362556                    /lib/x86_64-linux-gnu/libdl-2.23.so
7f4131a13000-7f4131c12000 ---p 00003000 08:05 2362556                    /lib/x86_64-linux-gnu/libdl-2.23.so
7f4131c12000-7f4131c13000 r--p 00002000 08:05 2362556                    /lib/x86_64-linux-gnu/libdl-2.23.so
7f4131c13000-7f4131c14000 rw-p 00003000 08:05 2362556                    /lib/x86_64-linux-gnu/libdl-2.23.so
7f4131c14000-7f4131c22000 r-xp 00000000 08:05 1865805                    /usr/lib/jvm/java-9-oracle/lib/jli/libjli.so
7f4131c22000-7f4131e22000 ---p 0000e000 08:05 1865805                    /usr/lib/jvm/java-9-oracle/lib/jli/libjli.so
7f4131e22000-7f4131e23000 rw-p 0000e000 08:05 1865805                    /usr/lib/jvm/java-9-oracle/lib/jli/libjli.so
7f4131e23000-7f4131e3b000 r-xp 00000000 08:05 2362539                    /lib/x86_64-linux-gnu/libpthread-2.23.so
7f4131e3b000-7f413203a000 ---p 00018000 08:05 2362539                    /lib/x86_64-linux-gnu/libpthread-2.23.so
7f413203a000-7f413203b000 r--p 00017000 08:05 2362539                    /lib/x86_64-linux-gnu/libpthread-2.23.so
7f413203b000-7f413203c000 rw-p 00018000 08:05 2362539                    /lib/x86_64-linux-gnu/libpthread-2.23.so
7f413203c000-7f4132040000 rw-p 00000000 00:00 0 
7f4132040000-7f4132059000 r-xp 00000000 08:05 2360887                    /lib/x86_64-linux-gnu/libz.so.1.2.8
7f4132059000-7f4132258000 ---p 00019000 08:05 2360887                    /lib/x86_64-linux-gnu/libz.so.1.2.8
7f4132258000-7f4132259000 r--p 00018000 08:05 2360887                    /lib/x86_64-linux-gnu/libz.so.1.2.8
7f4132259000-7f413225a000 rw-p 00019000 08:05 2360887                    /lib/x86_64-linux-gnu/libz.so.1.2.8
7f413225a000-7f4132280000 r-xp 00000000 08:05 2362529                    /lib/x86_64-linux-gnu/ld-2.23.so
7f413229e000-7f41322a5000 r--s 00000000 08:05 1076367                    /usr/lib/x86_64-linux-gnu/gconv/gconv-modules.cache
7f41322a5000-7f413235d000 rw-p 00000000 00:00 0 
7f413235d000-7f4132362000 ---p 00000000 00:00 0 
7f4132362000-7f4132463000 rw-p 00000000 00:00 0 
7f4132466000-7f413246c000 rw-p 00000000 00:00 0 
7f413246c000-7f4132473000 ---p 00000000 00:00 0 
7f4132473000-7f4132475000 r--s 00001000 08:05 20652                      /opt/intellij-idea-community/lib/rt/debugger-agent-storage.jar
7f4132475000-7f413247d000 rw-s 00000000 08:05 414073                     /tmp/hsperfdata_akrishnan/8672
7f413247d000-7f413247e000 rw-p 00000000 00:00 0 
7f413247e000-7f413247f000 ---p 00000000 00:00 0 
7f413247f000-7f4132480000 r--p 00025000 08:05 2362529                    /lib/x86_64-linux-gnu/ld-2.23.so
7f4132480000-7f4132481000 rw-p 00026000 08:05 2362529                    /lib/x86_64-linux-gnu/ld-2.23.so
7f4132481000-7f4132482000 rw-p 00000000 00:00 0 
7ffd7399c000-7ffd739bd000 rw-p 00000000 00:00 0                          [stack]
7ffd739da000-7ffd739dd000 r--p 00000000 00:00 0                          [vvar]
7ffd739dd000-7ffd739df000 r-xp 00000000 00:00 0                          [vdso]
ffffffffff600000-ffffffffff601000 r-xp 00000000 00:00 0                  [vsyscall]

VM Arguments:
jvm_args: -agentlib:jdwp=transport=dt_socket,address=127.0.0.1:38463,suspend=y,server=n -ea -Didea.test.cyclic.buffer.size=1048576 -javaagent:/opt/intellij-idea-community/lib/rt/debugger-agent.jar=/tmp/capture.props -Dfile.encoding=UTF-8 
java_command: com.intellij.rt.execution.junit.JUnitStarter -ideVersion5 -junit5 SortTest
java_class_path (initial): /opt/intellij-idea-community/lib/idea_rt.jar:/opt/intellij-idea-community/plugins/junit/lib/junit-rt.jar:/opt/intellij-idea-community/plugins/junit/lib/junit5-rt.jar:/home/akrishnan/.m2/repository/org/junit/platform/junit-platform-launcher/1.0.0/junit-platform-launcher-1.0.0.jar:/home/akrishnan/.m2/repository/org/apiguardian/apiguardian-api/1.0.0/apiguardian-api-1.0.0.jar:/home/akrishnan/.m2/repository/org/junit/platform/junit-platform-engine/1.0.0/junit-platform-engine-1.0.0.jar:/home/akrishnan/.m2/repository/org/junit/platform/junit-platform-commons/1.0.0/junit-platform-commons-1.0.0.jar:/home/akrishnan/.m2/repository/org/opentest4j/opentest4j/1.0.0/opentest4j-1.0.0.jar:/home/akrishnan/.m2/repository/org/junit/jupiter/junit-jupiter-engine/5.0.0/junit-jupiter-engine-5.0.0.jar:/home/akrishnan/.m2/repository/org/junit/jupiter/junit-jupiter-api/5.0.0/junit-jupiter-api-5.0.0.jar:/home/akrishnan/DSA-18/sorting/day00/out/test/day00:/home/akrishnan/DSA-18/sorting/day00/out/production/day00
Launcher Type: SUN_STANDARD

Logging:
Log output configuration:
#0: stdout all=warning uptime,level,tags
#1: stderr all=off uptime,level,tags

Environment Variables:
JAVA_HOME=/usr/lib/jvm/java-8-oracle
PATH=/home/akrishnan/bin:/home/akrishnan/.local/bin:/usr/local/sbin:/usr/local/bin:/usr/sbin:/usr/bin:/sbin:/bin:/usr/games:/usr/local/games:/snap/bin:/usr/lib/jvm/java-8-oracle/bin:/usr/lib/jvm/java-8-oracle/db/bin:/usr/lib/jvm/java-8-oracle/jre/bin
SHELL=/bin/bash
DISPLAY=:0

Signal Handlers:
SIGSEGV: [libjvm.so+0xd4d370], sa_mask[0]=11111111011111111101111111111110, sa_flags=SA_RESTART|SA_SIGINFO
SIGBUS: [libjvm.so+0xd4d370], sa_mask[0]=11111111011111111101111111111110, sa_flags=SA_RESTART|SA_SIGINFO
SIGFPE: [libjvm.so+0xd4d370], sa_mask[0]=11111111011111111101111111111110, sa_flags=SA_RESTART|SA_SIGINFO
SIGPIPE: [libjvm.so+0xb64780], sa_mask[0]=11111111011111111101111111111110, sa_flags=SA_RESTART|SA_SIGINFO
SIGXFSZ: [libjvm.so+0xb64780], sa_mask[0]=11111111011111111101111111111110, sa_flags=SA_RESTART|SA_SIGINFO
SIGILL: [libjvm.so+0xd4d370], sa_mask[0]=11111111011111111101111111111110, sa_flags=SA_RESTART|SA_SIGINFO
SIGUSR2: [libjvm.so+0xb64640], sa_mask[0]=00100000000000000000000000000000, sa_flags=SA_RESTART|SA_SIGINFO
SIGHUP: [libjvm.so+0xb64850], sa_mask[0]=11111111011111111101111111111110, sa_flags=SA_RESTART|SA_SIGINFO
SIGINT: [libjvm.so+0xb64850], sa_mask[0]=11111111011111111101111111111110, sa_flags=SA_RESTART|SA_SIGINFO
SIGTERM: [libjvm.so+0xb64850], sa_mask[0]=11111111011111111101111111111110, sa_flags=SA_RESTART|SA_SIGINFO
SIGQUIT: [libjvm.so+0xb64850], sa_mask[0]=11111111011111111101111111111110, sa_flags=SA_RESTART|SA_SIGINFO


---------------  S Y S T E M  ---------------

OS:DISTRIB_ID=Ubuntu
DISTRIB_RELEASE=16.04
DISTRIB_CODENAME=xenial
DISTRIB_DESCRIPTION="Ubuntu 16.04.3 LTS"
uname:Linux 4.4.0-112-generic #135-Ubuntu SMP Fri Jan 19 11:48:36 UTC 2018 x86_64
libc:glibc 2.23 NPTL 2.23 
rlimit: STACK 8192k, CORE 0k, NPROC 30338, NOFILE 1048576, AS infinity
load average:1.98 1.25 1.02

/proc/meminfo:
MemTotal:        7807072 kB
MemFree:          201160 kB
MemAvailable:    1574948 kB
Buffers:          130096 kB
Cached:          2183380 kB
SwapCached:           28 kB
Active:          5449456 kB
Inactive:        1860444 kB
Active(anon):    4657948 kB
Inactive(anon):  1102752 kB
Active(file):     791508 kB
Inactive(file):   757692 kB
Unevictable:          32 kB
Mlocked:              32 kB
SwapTotal:       3905532 kB
SwapFree:        3902168 kB
Dirty:              3296 kB
Writeback:             0 kB
AnonPages:       4996492 kB
Mapped:           814684 kB
Shmem:            764280 kB
Slab:             138792 kB
SReclaimable:      95900 kB
SUnreclaim:        42892 kB
KernelStack:       14848 kB
PageTables:        52372 kB
NFS_Unstable:          0 kB
Bounce:                0 kB
WritebackTmp:          0 kB
CommitLimit:     7809068 kB
Committed_AS:   12125772 kB
VmallocTotal:   34359738367 kB
VmallocUsed:           0 kB
VmallocChunk:          0 kB
HardwareCorrupted:     0 kB
AnonHugePages:   1716224 kB
CmaTotal:              0 kB
CmaFree:               0 kB
HugePages_Total:       0
HugePages_Free:        0
HugePages_Rsvd:        0
HugePages_Surp:        0
Hugepagesize:       2048 kB
DirectMap4k:      146160 kB
DirectMap2M:     5773312 kB
DirectMap1G:     3145728 kB


CPU:total 4 (initial active 4) (2 cores per cpu, 2 threads per core) family 6 model 78 stepping 3, cmov, cx8, fxsr, mmx, sse, sse2, sse3, ssse3, sse4.1, sse4.2, popcnt, avx, avx2, aes, clmul, erms, rtm, 3dnowpref, lzcnt, ht, tsc, tscinvbit, bmi1, bmi2, adx, fma
CPU Model and flags from /proc/cpuinfo:
model name	: Intel(R) Core(TM) i7-6600U CPU @ 2.60GHz
flags		: fpu vme de pse tsc msr pae mce cx8 apic sep mtrr pge mca cmov pat pse36 clflush dts acpi mmx fxsr sse sse2 ss ht tm pbe syscall nx pdpe1gb rdtscp lm constant_tsc art arch_perfmon pebs bts rep_good nopl xtopology nonstop_tsc aperfmperf eagerfpu pni pclmulqdq dtes64 monitor ds_cpl vmx smx est tm2 ssse3 sdbg fma cx16 xtpr pdcm pcid sse4_1 sse4_2 x2apic movbe popcnt tsc_deadline_timer aes xsave avx f16c rdrand lahf_lm abm 3dnowprefetch epb invpcid_single intel_pt kaiser tpr_shadow vnmi flexpriority ept vpid fsgsbase tsc_adjust bmi1 hle avx2 smep bmi2 erms invpcid rtm mpx rdseed adx smap clflushopt xsaveopt xsavec xgetbv1 dtherm ida arat pln pts hwp hwp_notify hwp_act_window hwp_epp

Memory: 4k page, physical 7807072k(201160k free), swap 3905532k(3902168k free)

vm_info: Java HotSpot(TM) 64-Bit Server VM (9.0.4+11) for linux-amd64 JRE (9.0.4+11), built on Dec 19 2017 18:12:19 by "mach5one" with gcc 4.9.2

END.
