#
# A fatal error has been detected by the Java Runtime Environment:
#
#  SIGSEGV (0xb) at pc=0x00007ff9a91f1ade, pid=13600, tid=13613
#
# JRE version: Java(TM) SE Runtime Environment (9.0+11) (build 9.0.4+11)
# Java VM: Java HotSpot(TM) 64-Bit Server VM (9.0.4+11, mixed mode, tiered, compressed oops, g1 gc, linux-amd64)
# Problematic frame:
# V  [libjvm.so+0x812ade]  InstanceKlass::allocate_instance(Thread*)+0xae
#
# Core dump will be written. Default location: Core dumps may be processed with "/usr/share/apport/apport %p %s %c %d %P" (or dumping to /home/akrishnan/DSA-18/datastructures/day04/core.13600)
#
# If you would like to submit a bug report, please visit:
#   http://bugreport.java.com/bugreport/crash.jsp
#

---------------  S U M M A R Y ------------

Command Line: -agentlib:jdwp=transport=dt_socket,address=127.0.0.1:43063,suspend=y,server=n -ea -Didea.test.cyclic.buffer.size=1048576 -javaagent:/opt/intellij-idea-community/lib/rt/debugger-agent.jar=/tmp/capture.props -Dfile.encoding=UTF-8 com.intellij.rt.execution.junit.JUnitStarter -ideVersion5 -junit5 MyHashMapTest,testResize

Host: Intel(R) Core(TM) i7-6600U CPU @ 2.60GHz, 4 cores, 7G, Ubuntu 16.04.3 LTS
Time: Thu Feb  8 21:20:19 2018 EST elapsed time: 500 seconds (0d 0h 8m 20s)

---------------  T H R E A D  ---------------

Current thread (0x00007ff9a4156800):  VMThread "VM Thread" [stack: 0x00007ff978416000,0x00007ff978516000] [id=13613]

Stack: [0x00007ff978416000,0x00007ff978516000],  sp=0x00007ff978514270,  free space=1016k
Native frames: (J=compiled Java code, A=aot compiled Java code, j=interpreted, Vv=VM code, C=native code)
V  [libjvm.so+0x812ade]  InstanceKlass::allocate_instance(Thread*)+0xae
V  [libjvm.so+0x83ee9d]  java_lang_String::basic_create(int, bool, Thread*)+0x2d
V  [libjvm.so+0x83f125]  java_lang_String::create_from_str(char const*, Thread*)+0x45
V  [libjvm.so+0x70755d]  Exceptions::new_exception(Thread*, Symbol*, char const*, Exceptions::ExceptionMsgToUtf8Mode)+0x10d
V  [libjvm.so+0x7a97b6]  GenerateOopMap::verify_error(char const*, ...)+0x86
V  [libjvm.so+0x7aea2b]  GenerateOopMap::interp_bb(BasicBlock*)+0x87b
V  [libjvm.so+0x7b021f]  GenerateOopMap::do_interpretation()+0x9f
V  [libjvm.so+0x7b05fb]  GenerateOopMap::compute_map(Thread*)+0x26b
V  [libjvm.so+0xb5a587]  OopMapForCacheEntry::compute_map(Thread*)+0x67
V  [libjvm.so+0xb5b1fc]  OopMapCacheEntry::fill(methodHandle, int)+0x12c
V  [libjvm.so+0xb5ba42]  OopMapCache::compute_one_oop_map(methodHandle const&, int, InterpreterOopMap*)+0x102
V  [libjvm.so+0xb5bd56]  OopMapCache::lookup(methodHandle const&, int, InterpreterOopMap*) const+0x216
V  [libjvm.so+0xafb584]  Method::mask_for(int, InterpreterOopMap*)+0x74
V  [libjvm.so+0x9a5a4d]  VM_GetOrSetLocal::doit()+0x4d
V  [libjvm.so+0xd5d4f9]  VM_Operation::evaluate()+0x59
V  [libjvm.so+0xd5b243]  VMThread::evaluate_operation(VM_Operation*)+0xc3
V  [libjvm.so+0xd5b7b0]  VMThread::loop()+0x210
V  [libjvm.so+0xd5bcc2]  VMThread::run()+0x72
V  [libjvm.so+0xb6e132]  thread_native_entry(Thread*)+0xf2


siginfo: si_signo: 11 (SIGSEGV), si_code: 1 (SEGV_MAPERR), si_addr: 0x000000020078013a

Register to memory mapping:

RAX=0x0000000200780146 is an unknown value
RBX=0x000000020078012e is an unknown value
RCX=0x0000000000000000 is an unknown value
RDX=0x000f0025c05e5fda is an unknown value
RSP=0x00007ff978514270 is an unknown value
RBP=0x00007ff9785142d0 is an unknown value
RSI=0x00007ff9a4156800 is an unknown value
RDI=0x00000001000016d0 is pointing into metadata
R8 =0x0000000000000068 is an unknown value
R9 =0x0000000000000068 is an unknown value
R10=0x0000000000000006 is an unknown value
R11=0x00007ff94c034c70 is an unknown value
R12=0x00007ff9a4156800 is an unknown value
R13=0x000000000000004e is an unknown value
R14=0x00007ff9a9d10539: <offset 0x0000000001331539> in /usr/lib/jvm/java-9-oracle/lib/server/libjvm.so at 0x00007ff9a89df000
R15=0x0000000000000003 is an unknown value


Registers:
RAX=0x0000000200780146, RBX=0x000000020078012e, RCX=0x0000000000000000, RDX=0x000f0025c05e5fda
RSP=0x00007ff978514270, RBP=0x00007ff9785142d0, RSI=0x00007ff9a4156800, RDI=0x00000001000016d0
R8 =0x0000000000000068, R9 =0x0000000000000068, R10=0x0000000000000006, R11=0x00007ff94c034c70
R12=0x00007ff9a4156800, R13=0x000000000000004e, R14=0x00007ff9a9d10539, R15=0x0000000000000003
RIP=0x00007ff9a91f1ade, EFLAGS=0x0000000000010202, CSGSFS=0x0000000000000033, ERR=0x0000000000000006
  TRAPNO=0x000000000000000e

Top of Stack: (sp=0x00007ff978514270)
0x00007ff978514270:   00007ff978514310 0020003100000003
0x00007ff978514280:   00000001000016d0 0000000000000000
0x00007ff978514290:   0000000000000000 00007ff9a97d7541
0x00007ff9785142a0:   00000000ffffffff 00007ff9a4156800 

Instructions: (pc=0x00007ff9a91f1ade)
0x00007ff9a91f1abe:   24 08 48 85 c0 0f 85 f7 00 00 00 4c 8d 35 69 ea
0x00007ff9a91f1ace:   b1 00 41 80 3e 00 0f 84 46 01 00 00 49 83 ff 02
0x00007ff9a91f1ade:   c7 43 0c 00 00 00 00 48 8d 7b 10 49 8d 47 fd 74
0x00007ff9a91f1aee:   0f 48 8d 14 c5 08 00 00 00 31 f6 e8 32 f5 a5 ff 

VM_Operation (0x00007ff956fd0a80): GetOrSetLocal, mode: safepoint, requested by thread 0x00007ff9a4296800


---------------  P R O C E S S  ---------------

Java Threads: ( => current thread )
  0x00007ff9a431f000 JavaThread "Service Thread" daemon [_thread_blocked, id=13627, stack(0x00007ff956bce000,0x00007ff956ccf000)]
  0x00007ff924001000 JavaThread "JDWP Command Reader" daemon [_thread_in_native, id=13626, stack(0x00007ff956ccf000,0x00007ff956dd0000)]
  0x00007ff9a429a800 JavaThread "JDWP Event Helper Thread" daemon [_thread_blocked, id=13624, stack(0x00007ff956dd0000,0x00007ff956ed1000)]
  0x00007ff9a4296800 JavaThread "JDWP Transport Listener: dt_socket" daemon [_thread_blocked, id=13622, stack(0x00007ff956ed1000,0x00007ff956fd2000)]
  0x00007ff9a41cf000 JavaThread "Common-Cleaner" daemon [_thread_blocked, id=13621, stack(0x00007ff9571d6000,0x00007ff9572d7000)]
  0x00007ff9a418a800 JavaThread "Sweeper thread" daemon [_thread_blocked, id=13620, stack(0x00007ff9576ff000,0x00007ff957800000)]
  0x00007ff9a4188800 JavaThread "C1 CompilerThread2" daemon [_thread_blocked, id=13619, stack(0x00007ff95c016000,0x00007ff95c117000)]
  0x00007ff9a4186800 JavaThread "C2 CompilerThread1" daemon [_thread_blocked, id=13618, stack(0x00007ff95c117000,0x00007ff95c218000)]
  0x00007ff9a4184800 JavaThread "C2 CompilerThread0" daemon [_thread_blocked, id=13617, stack(0x00007ff978011000,0x00007ff978112000)]
  0x00007ff9a4183000 JavaThread "Signal Dispatcher" daemon [_thread_blocked, id=13616, stack(0x00007ff978112000,0x00007ff978213000)]
  0x00007ff9a4169000 JavaThread "Finalizer" daemon [_thread_blocked, id=13615, stack(0x00007ff978213000,0x00007ff978314000)]
  0x00007ff9a4160800 JavaThread "Reference Handler" daemon [_thread_blocked, id=13614, stack(0x00007ff978314000,0x00007ff978415000)]
  0x00007ff9a4015800 JavaThread "main" [_thread_blocked, id=13601, stack(0x00007ff9aaa7c000,0x00007ff9aab7c000)]

Other Threads:
=>0x00007ff9a4156800 VMThread "VM Thread" [stack: 0x00007ff978416000,0x00007ff978516000] [id=13613]
  0x00007ff9a4322800 WatcherThread [stack: 0x00007ff956ace000,0x00007ff956bce000] [id=13628]
  0x00007ff9a402d800 GCTaskThread "GC Thread#0" [stack: 0x00007ff9884db000,0x00007ff9885db000] [id=13602]
  0x00007ff9a402e800 GCTaskThread "GC Thread#1" [stack: 0x00007ff9883da000,0x00007ff9884da000] [id=13603]
  0x00007ff9a4030800 GCTaskThread "GC Thread#2" [stack: 0x00007ff9882d9000,0x00007ff9883d9000] [id=13604]
  0x00007ff9a4032000 GCTaskThread "GC Thread#3" [stack: 0x00007ff9881d8000,0x00007ff9882d8000] [id=13605]
  0x00007ff9a405f800 ConcurrentGCThread "G1 Main Marker" [stack: 0x00007ff978a1c000,0x00007ff978b1c000] [id=13611]
  0x00007ff9a4061800 ConcurrentGCThread "G1 Marker#0" [stack: 0x00007ff97891b000,0x00007ff978a1b000] [id=13612]
  0x00007ff9a4039800 ConcurrentGCThread "G1 Refine#0" [stack: 0x00007ff97b8fa000,0x00007ff97b9fa000] [id=13609]
  0x00007ff9a4037800 ConcurrentGCThread "G1 Refine#1" [stack: 0x00007ff97b9fb000,0x00007ff97bafb000] [id=13608]
  0x00007ff9a4036000 ConcurrentGCThread "G1 Refine#2" [stack: 0x00007ff97bafc000,0x00007ff97bbfc000] [id=13607]
  0x00007ff9a4034000 ConcurrentGCThread "G1 Refine#3" [stack: 0x00007ff97bbfd000,0x00007ff97bcfd000] [id=13606]
  0x00007ff9a403b800 ConcurrentGCThread "G1 Young RemSet Sampling" [stack: 0x00007ff97b7f9000,0x00007ff97b8f9000] [id=13610]

Threads with active compile tasks:

VM state:at safepoint (normal execution)

VM Mutex/Monitor currently owned by a thread:  ([mutex/lock_event])
[0x00007ff9a4011d50] Threads_lock - owner thread: 0x00007ff9a4156800

Heap address: 0x0000000088600000, size: 1914 MB, Compressed Oops mode: 32-bit
Narrow klass base: 0x0000000000000000, Narrow klass shift: 3
Compressed class space size: 1073741824 Address: 0x0000000100000000

Heap:
 garbage-first heap   total 122880K, used 13312K [0x0000000088600000, 0x00000000887003c0, 0x0000000100000000)
  region size 1024K, 14 young (14336K), 0 survivors (0K)
 Metaspace       used 9649K, capacity 10394K, committed 10624K, reserved 1058816K
  class space    used 969K, capacity 1097K, committed 1152K, reserved 1048576K
Heap Regions: E=young(eden), S=young(survivor), O=old, HS=humongous(starts), HC=humongous(continues), CS=collection set, F=free, A=archive, TS=gc time stamp, AC=allocation context, TAMS=top-at-mark-start (previous, next)
|   0|0x0000000088600000, 0x0000000088600000, 0x0000000088700000|  0%| F|  |TS  0|AC  0|TAMS 0x0000000088600000, 0x0000000088600000|
|   1|0x0000000088700000, 0x0000000088700000, 0x0000000088800000|  0%| F|  |TS  0|AC  0|TAMS 0x0000000088700000, 0x0000000088700000|
|   2|0x0000000088800000, 0x0000000088800000, 0x0000000088900000|  0%| F|  |TS  0|AC  0|TAMS 0x0000000088800000, 0x0000000088800000|
|   3|0x0000000088900000, 0x0000000088900000, 0x0000000088a00000|  0%| F|  |TS  0|AC  0|TAMS 0x0000000088900000, 0x0000000088900000|
|   4|0x0000000088a00000, 0x0000000088a00000, 0x0000000088b00000|  0%| F|  |TS  0|AC  0|TAMS 0x0000000088a00000, 0x0000000088a00000|
|   5|0x0000000088b00000, 0x0000000088b00000, 0x0000000088c00000|  0%| F|  |TS  0|AC  0|TAMS 0x0000000088b00000, 0x0000000088b00000|
|   6|0x0000000088c00000, 0x0000000088c00000, 0x0000000088d00000|  0%| F|  |TS  0|AC  0|TAMS 0x0000000088c00000, 0x0000000088c00000|
|   7|0x0000000088d00000, 0x0000000088d00000, 0x0000000088e00000|  0%| F|  |TS  0|AC  0|TAMS 0x0000000088d00000, 0x0000000088d00000|
|   8|0x0000000088e00000, 0x0000000088e00000, 0x0000000088f00000|  0%| F|  |TS  0|AC  0|TAMS 0x0000000088e00000, 0x0000000088e00000|
|   9|0x0000000088f00000, 0x0000000088f00000, 0x0000000089000000|  0%| F|  |TS  0|AC  0|TAMS 0x0000000088f00000, 0x0000000088f00000|
|  10|0x0000000089000000, 0x0000000089000000, 0x0000000089100000|  0%| F|  |TS  0|AC  0|TAMS 0x0000000089000000, 0x0000000089000000|
|  11|0x0000000089100000, 0x0000000089100000, 0x0000000089200000|  0%| F|  |TS  0|AC  0|TAMS 0x0000000089100000, 0x0000000089100000|
|  12|0x0000000089200000, 0x0000000089200000, 0x0000000089300000|  0%| F|  |TS  0|AC  0|TAMS 0x0000000089200000, 0x0000000089200000|
|  13|0x0000000089300000, 0x0000000089300000, 0x0000000089400000|  0%| F|  |TS  0|AC  0|TAMS 0x0000000089300000, 0x0000000089300000|
|  14|0x0000000089400000, 0x0000000089400000, 0x0000000089500000|  0%| F|  |TS  0|AC  0|TAMS 0x0000000089400000, 0x0000000089400000|
|  15|0x0000000089500000, 0x0000000089500000, 0x0000000089600000|  0%| F|  |TS  0|AC  0|TAMS 0x0000000089500000, 0x0000000089500000|
|  16|0x0000000089600000, 0x0000000089600000, 0x0000000089700000|  0%| F|  |TS  0|AC  0|TAMS 0x0000000089600000, 0x0000000089600000|
|  17|0x0000000089700000, 0x0000000089700000, 0x0000000089800000|  0%| F|  |TS  0|AC  0|TAMS 0x0000000089700000, 0x0000000089700000|
|  18|0x0000000089800000, 0x0000000089800000, 0x0000000089900000|  0%| F|  |TS  0|AC  0|TAMS 0x0000000089800000, 0x0000000089800000|
|  19|0x0000000089900000, 0x0000000089900000, 0x0000000089a00000|  0%| F|  |TS  0|AC  0|TAMS 0x0000000089900000, 0x0000000089900000|
|  20|0x0000000089a00000, 0x0000000089a00000, 0x0000000089b00000|  0%| F|  |TS  0|AC  0|TAMS 0x0000000089a00000, 0x0000000089a00000|
|  21|0x0000000089b00000, 0x0000000089b00000, 0x0000000089c00000|  0%| F|  |TS  0|AC  0|TAMS 0x0000000089b00000, 0x0000000089b00000|
|  22|0x0000000089c00000, 0x0000000089c00000, 0x0000000089d00000|  0%| F|  |TS  0|AC  0|TAMS 0x0000000089c00000, 0x0000000089c00000|
|  23|0x0000000089d00000, 0x0000000089d00000, 0x0000000089e00000|  0%| F|  |TS  0|AC  0|TAMS 0x0000000089d00000, 0x0000000089d00000|
|  24|0x0000000089e00000, 0x0000000089e00000, 0x0000000089f00000|  0%| F|  |TS  0|AC  0|TAMS 0x0000000089e00000, 0x0000000089e00000|
|  25|0x0000000089f00000, 0x0000000089f00000, 0x000000008a000000|  0%| F|  |TS  0|AC  0|TAMS 0x0000000089f00000, 0x0000000089f00000|
|  26|0x000000008a000000, 0x000000008a000000, 0x000000008a100000|  0%| F|  |TS  0|AC  0|TAMS 0x000000008a000000, 0x000000008a000000|
|  27|0x000000008a100000, 0x000000008a100000, 0x000000008a200000|  0%| F|  |TS  0|AC  0|TAMS 0x000000008a100000, 0x000000008a100000|
|  28|0x000000008a200000, 0x000000008a200000, 0x000000008a300000|  0%| F|  |TS  0|AC  0|TAMS 0x000000008a200000, 0x000000008a200000|
|  29|0x000000008a300000, 0x000000008a300000, 0x000000008a400000|  0%| F|  |TS  0|AC  0|TAMS 0x000000008a300000, 0x000000008a300000|
|  30|0x000000008a400000, 0x000000008a400000, 0x000000008a500000|  0%| F|  |TS  0|AC  0|TAMS 0x000000008a400000, 0x000000008a400000|
|  31|0x000000008a500000, 0x000000008a500000, 0x000000008a600000|  0%| F|  |TS  0|AC  0|TAMS 0x000000008a500000, 0x000000008a500000|
|  32|0x000000008a600000, 0x000000008a600000, 0x000000008a700000|  0%| F|  |TS  0|AC  0|TAMS 0x000000008a600000, 0x000000008a600000|
|  33|0x000000008a700000, 0x000000008a700000, 0x000000008a800000|  0%| F|  |TS  0|AC  0|TAMS 0x000000008a700000, 0x000000008a700000|
|  34|0x000000008a800000, 0x000000008a800000, 0x000000008a900000|  0%| F|  |TS  0|AC  0|TAMS 0x000000008a800000, 0x000000008a800000|
|  35|0x000000008a900000, 0x000000008a900000, 0x000000008aa00000|  0%| F|  |TS  0|AC  0|TAMS 0x000000008a900000, 0x000000008a900000|
|  36|0x000000008aa00000, 0x000000008aa00000, 0x000000008ab00000|  0%| F|  |TS  0|AC  0|TAMS 0x000000008aa00000, 0x000000008aa00000|
|  37|0x000000008ab00000, 0x000000008ab00000, 0x000000008ac00000|  0%| F|  |TS  0|AC  0|TAMS 0x000000008ab00000, 0x000000008ab00000|
|  38|0x000000008ac00000, 0x000000008ac00000, 0x000000008ad00000|  0%| F|  |TS  0|AC  0|TAMS 0x000000008ac00000, 0x000000008ac00000|
|  39|0x000000008ad00000, 0x000000008ad00000, 0x000000008ae00000|  0%| F|  |TS  0|AC  0|TAMS 0x000000008ad00000, 0x000000008ad00000|
|  40|0x000000008ae00000, 0x000000008ae00000, 0x000000008af00000|  0%| F|  |TS  0|AC  0|TAMS 0x000000008ae00000, 0x000000008ae00000|
|  41|0x000000008af00000, 0x000000008af00000, 0x000000008b000000|  0%| F|  |TS  0|AC  0|TAMS 0x000000008af00000, 0x000000008af00000|
|  42|0x000000008b000000, 0x000000008b000000, 0x000000008b100000|  0%| F|  |TS  0|AC  0|TAMS 0x000000008b000000, 0x000000008b000000|
|  43|0x000000008b100000, 0x000000008b100000, 0x000000008b200000|  0%| F|  |TS  0|AC  0|TAMS 0x000000008b100000, 0x000000008b100000|
|  44|0x000000008b200000, 0x000000008b200000, 0x000000008b300000|  0%| F|  |TS  0|AC  0|TAMS 0x000000008b200000, 0x000000008b200000|
|  45|0x000000008b300000, 0x000000008b300000, 0x000000008b400000|  0%| F|  |TS  0|AC  0|TAMS 0x000000008b300000, 0x000000008b300000|
|  46|0x000000008b400000, 0x000000008b400000, 0x000000008b500000|  0%| F|  |TS  0|AC  0|TAMS 0x000000008b400000, 0x000000008b400000|
|  47|0x000000008b500000, 0x000000008b500000, 0x000000008b600000|  0%| F|  |TS  0|AC  0|TAMS 0x000000008b500000, 0x000000008b500000|
|  48|0x000000008b600000, 0x000000008b600000, 0x000000008b700000|  0%| F|  |TS  0|AC  0|TAMS 0x000000008b600000, 0x000000008b600000|
|  49|0x000000008b700000, 0x000000008b700000, 0x000000008b800000|  0%| F|  |TS  0|AC  0|TAMS 0x000000008b700000, 0x000000008b700000|
|  50|0x000000008b800000, 0x000000008b800000, 0x000000008b900000|  0%| F|  |TS  0|AC  0|TAMS 0x000000008b800000, 0x000000008b800000|
|  51|0x000000008b900000, 0x000000008b900000, 0x000000008ba00000|  0%| F|  |TS  0|AC  0|TAMS 0x000000008b900000, 0x000000008b900000|
|  52|0x000000008ba00000, 0x000000008ba00000, 0x000000008bb00000|  0%| F|  |TS  0|AC  0|TAMS 0x000000008ba00000, 0x000000008ba00000|
|  53|0x000000008bb00000, 0x000000008bb00000, 0x000000008bc00000|  0%| F|  |TS  0|AC  0|TAMS 0x000000008bb00000, 0x000000008bb00000|
|  54|0x000000008bc00000, 0x000000008bc00000, 0x000000008bd00000|  0%| F|  |TS  0|AC  0|TAMS 0x000000008bc00000, 0x000000008bc00000|
|  55|0x000000008bd00000, 0x000000008bd00000, 0x000000008be00000|  0%| F|  |TS  0|AC  0|TAMS 0x000000008bd00000, 0x000000008bd00000|
|  56|0x000000008be00000, 0x000000008be00000, 0x000000008bf00000|  0%| F|  |TS  0|AC  0|TAMS 0x000000008be00000, 0x000000008be00000|
|  57|0x000000008bf00000, 0x000000008bf00000, 0x000000008c000000|  0%| F|  |TS  0|AC  0|TAMS 0x000000008bf00000, 0x000000008bf00000|
|  58|0x000000008c000000, 0x000000008c000000, 0x000000008c100000|  0%| F|  |TS  0|AC  0|TAMS 0x000000008c000000, 0x000000008c000000|
|  59|0x000000008c100000, 0x000000008c100000, 0x000000008c200000|  0%| F|  |TS  0|AC  0|TAMS 0x000000008c100000, 0x000000008c100000|
|  60|0x000000008c200000, 0x000000008c200000, 0x000000008c300000|  0%| F|  |TS  0|AC  0|TAMS 0x000000008c200000, 0x000000008c200000|
|  61|0x000000008c300000, 0x000000008c300000, 0x000000008c400000|  0%| F|  |TS  0|AC  0|TAMS 0x000000008c300000, 0x000000008c300000|
|  62|0x000000008c400000, 0x000000008c400000, 0x000000008c500000|  0%| F|  |TS  0|AC  0|TAMS 0x000000008c400000, 0x000000008c400000|
|  63|0x000000008c500000, 0x000000008c500000, 0x000000008c600000|  0%| F|  |TS  0|AC  0|TAMS 0x000000008c500000, 0x000000008c500000|
|  64|0x000000008c600000, 0x000000008c600000, 0x000000008c700000|  0%| F|  |TS  0|AC  0|TAMS 0x000000008c600000, 0x000000008c600000|
|  65|0x000000008c700000, 0x000000008c700000, 0x000000008c800000|  0%| F|  |TS  0|AC  0|TAMS 0x000000008c700000, 0x000000008c700000|
|  66|0x000000008c800000, 0x000000008c800000, 0x000000008c900000|  0%| F|  |TS  0|AC  0|TAMS 0x000000008c800000, 0x000000008c800000|
|  67|0x000000008c900000, 0x000000008c900000, 0x000000008ca00000|  0%| F|  |TS  0|AC  0|TAMS 0x000000008c900000, 0x000000008c900000|
|  68|0x000000008ca00000, 0x000000008ca00000, 0x000000008cb00000|  0%| F|  |TS  0|AC  0|TAMS 0x000000008ca00000, 0x000000008ca00000|
|  69|0x000000008cb00000, 0x000000008cb00000, 0x000000008cc00000|  0%| F|  |TS  0|AC  0|TAMS 0x000000008cb00000, 0x000000008cb00000|
|  70|0x000000008cc00000, 0x000000008cc00000, 0x000000008cd00000|  0%| F|  |TS  0|AC  0|TAMS 0x000000008cc00000, 0x000000008cc00000|
|  71|0x000000008cd00000, 0x000000008cd00000, 0x000000008ce00000|  0%| F|  |TS  0|AC  0|TAMS 0x000000008cd00000, 0x000000008cd00000|
|  72|0x000000008ce00000, 0x000000008ce00000, 0x000000008cf00000|  0%| F|  |TS  0|AC  0|TAMS 0x000000008ce00000, 0x000000008ce00000|
|  73|0x000000008cf00000, 0x000000008cf00000, 0x000000008d000000|  0%| F|  |TS  0|AC  0|TAMS 0x000000008cf00000, 0x000000008cf00000|
|  74|0x000000008d000000, 0x000000008d000000, 0x000000008d100000|  0%| F|  |TS  0|AC  0|TAMS 0x000000008d000000, 0x000000008d000000|
|  75|0x000000008d100000, 0x000000008d100000, 0x000000008d200000|  0%| F|  |TS  0|AC  0|TAMS 0x000000008d100000, 0x000000008d100000|
|  76|0x000000008d200000, 0x000000008d200000, 0x000000008d300000|  0%| F|  |TS  0|AC  0|TAMS 0x000000008d200000, 0x000000008d200000|
|  77|0x000000008d300000, 0x000000008d300000, 0x000000008d400000|  0%| F|  |TS  0|AC  0|TAMS 0x000000008d300000, 0x000000008d300000|
|  78|0x000000008d400000, 0x000000008d400000, 0x000000008d500000|  0%| F|  |TS  0|AC  0|TAMS 0x000000008d400000, 0x000000008d400000|
|  79|0x000000008d500000, 0x000000008d500000, 0x000000008d600000|  0%| F|  |TS  0|AC  0|TAMS 0x000000008d500000, 0x000000008d500000|
|  80|0x000000008d600000, 0x000000008d600000, 0x000000008d700000|  0%| F|  |TS  0|AC  0|TAMS 0x000000008d600000, 0x000000008d600000|
|  81|0x000000008d700000, 0x000000008d700000, 0x000000008d800000|  0%| F|  |TS  0|AC  0|TAMS 0x000000008d700000, 0x000000008d700000|
|  82|0x000000008d800000, 0x000000008d800000, 0x000000008d900000|  0%| F|  |TS  0|AC  0|TAMS 0x000000008d800000, 0x000000008d800000|
|  83|0x000000008d900000, 0x000000008d900000, 0x000000008da00000|  0%| F|  |TS  0|AC  0|TAMS 0x000000008d900000, 0x000000008d900000|
|  84|0x000000008da00000, 0x000000008da00000, 0x000000008db00000|  0%| F|  |TS  0|AC  0|TAMS 0x000000008da00000, 0x000000008da00000|
|  85|0x000000008db00000, 0x000000008db00000, 0x000000008dc00000|  0%| F|  |TS  0|AC  0|TAMS 0x000000008db00000, 0x000000008db00000|
|  86|0x000000008dc00000, 0x000000008dc00000, 0x000000008dd00000|  0%| F|  |TS  0|AC  0|TAMS 0x000000008dc00000, 0x000000008dc00000|
|  87|0x000000008dd00000, 0x000000008dd00000, 0x000000008de00000|  0%| F|  |TS  0|AC  0|TAMS 0x000000008dd00000, 0x000000008dd00000|
|  88|0x000000008de00000, 0x000000008de00000, 0x000000008df00000|  0%| F|  |TS  0|AC  0|TAMS 0x000000008de00000, 0x000000008de00000|
|  89|0x000000008df00000, 0x000000008df00000, 0x000000008e000000|  0%| F|  |TS  0|AC  0|TAMS 0x000000008df00000, 0x000000008df00000|
|  90|0x000000008e000000, 0x000000008e000000, 0x000000008e100000|  0%| F|  |TS  0|AC  0|TAMS 0x000000008e000000, 0x000000008e000000|
|  91|0x000000008e100000, 0x000000008e100000, 0x000000008e200000|  0%| F|  |TS  0|AC  0|TAMS 0x000000008e100000, 0x000000008e100000|
|  92|0x000000008e200000, 0x000000008e200000, 0x000000008e300000|  0%| F|  |TS  0|AC  0|TAMS 0x000000008e200000, 0x000000008e200000|
|  93|0x000000008e300000, 0x000000008e300000, 0x000000008e400000|  0%| F|  |TS  0|AC  0|TAMS 0x000000008e300000, 0x000000008e300000|
|  94|0x000000008e400000, 0x000000008e400000, 0x000000008e500000|  0%| F|  |TS  0|AC  0|TAMS 0x000000008e400000, 0x000000008e400000|
|  95|0x000000008e500000, 0x000000008e500000, 0x000000008e600000|  0%| F|  |TS  0|AC  0|TAMS 0x000000008e500000, 0x000000008e500000|
|  96|0x000000008e600000, 0x000000008e600000, 0x000000008e700000|  0%| F|  |TS  0|AC  0|TAMS 0x000000008e600000, 0x000000008e600000|
|  97|0x000000008e700000, 0x000000008e700000, 0x000000008e800000|  0%| F|  |TS  0|AC  0|TAMS 0x000000008e700000, 0x000000008e700000|
|  98|0x000000008e800000, 0x000000008e800000, 0x000000008e900000|  0%| F|  |TS  0|AC  0|TAMS 0x000000008e800000, 0x000000008e800000|
|  99|0x000000008e900000, 0x000000008e900000, 0x000000008ea00000|  0%| F|  |TS  0|AC  0|TAMS 0x000000008e900000, 0x000000008e900000|
| 100|0x000000008ea00000, 0x000000008ea00000, 0x000000008eb00000|  0%| F|  |TS  0|AC  0|TAMS 0x000000008ea00000, 0x000000008ea00000|
| 101|0x000000008eb00000, 0x000000008eb00000, 0x000000008ec00000|  0%| F|  |TS  0|AC  0|TAMS 0x000000008eb00000, 0x000000008eb00000|
| 102|0x000000008ec00000, 0x000000008ec00000, 0x000000008ed00000|  0%| F|  |TS  0|AC  0|TAMS 0x000000008ec00000, 0x000000008ec00000|
| 103|0x000000008ed00000, 0x000000008ed00000, 0x000000008ee00000|  0%| F|  |TS  0|AC  0|TAMS 0x000000008ed00000, 0x000000008ed00000|
| 104|0x000000008ee00000, 0x000000008ee00000, 0x000000008ef00000|  0%| F|  |TS  0|AC  0|TAMS 0x000000008ee00000, 0x000000008ee00000|
| 105|0x000000008ef00000, 0x000000008ef00000, 0x000000008f000000|  0%| F|  |TS  0|AC  0|TAMS 0x000000008ef00000, 0x000000008ef00000|
| 106|0x000000008f000000, 0x000000008f048338, 0x000000008f100000| 28%| E|  |TS  0|AC  0|TAMS 0x000000008f000000, 0x000000008f000000|
| 107|0x000000008f100000, 0x000000008f200000, 0x000000008f200000|100%| E|CS|TS  0|AC  0|TAMS 0x000000008f100000, 0x000000008f100000|
| 108|0x000000008f200000, 0x000000008f300000, 0x000000008f300000|100%| E|CS|TS  0|AC  0|TAMS 0x000000008f200000, 0x000000008f200000|
| 109|0x000000008f300000, 0x000000008f400000, 0x000000008f400000|100%| E|CS|TS  0|AC  0|TAMS 0x000000008f300000, 0x000000008f300000|
| 110|0x000000008f400000, 0x000000008f500000, 0x000000008f500000|100%| E|CS|TS  0|AC  0|TAMS 0x000000008f400000, 0x000000008f400000|
| 111|0x000000008f500000, 0x000000008f600000, 0x000000008f600000|100%| E|CS|TS  0|AC  0|TAMS 0x000000008f500000, 0x000000008f500000|
| 112|0x000000008f600000, 0x000000008f700000, 0x000000008f700000|100%| E|CS|TS  0|AC  0|TAMS 0x000000008f600000, 0x000000008f600000|
| 113|0x000000008f700000, 0x000000008f800000, 0x000000008f800000|100%| E|CS|TS  0|AC  0|TAMS 0x000000008f700000, 0x000000008f700000|
| 114|0x000000008f800000, 0x000000008f900000, 0x000000008f900000|100%| E|CS|TS  0|AC  0|TAMS 0x000000008f800000, 0x000000008f800000|
| 115|0x000000008f900000, 0x000000008fa00000, 0x000000008fa00000|100%| E|CS|TS  0|AC  0|TAMS 0x000000008f900000, 0x000000008f900000|
| 116|0x000000008fa00000, 0x000000008fb00000, 0x000000008fb00000|100%| E|CS|TS  0|AC  0|TAMS 0x000000008fa00000, 0x000000008fa00000|
| 117|0x000000008fb00000, 0x000000008fc00000, 0x000000008fc00000|100%| E|CS|TS  0|AC  0|TAMS 0x000000008fb00000, 0x000000008fb00000|
| 118|0x000000008fc00000, 0x000000008fd00000, 0x000000008fd00000|100%| E|CS|TS  0|AC  0|TAMS 0x000000008fc00000, 0x000000008fc00000|
| 119|0x000000008fd00000, 0x000000008fe00000, 0x000000008fe00000|100%| E|CS|TS  0|AC  0|TAMS 0x000000008fd00000, 0x000000008fd00000|

Card table byte_map: [0x00007ff97acc1000,0x00007ff97b07e000] byte_map_base: 0x00007ff97a87e000

Marking Bits (Prev, Next): (CMBitMap*) 0x00007ff9a405ee40, (CMBitMap*) 0x00007ff9a405ee78
 Prev Bits: [0x00007ff978b1c000, 0x00007ff97a904000)
 Next Bits: [0x00007ff95e218000, 0x00007ff960000000)

Polling page: 0x00007ff9aab9c000

CodeHeap 'non-profiled nmethods': size=120032Kb used=268Kb max_used=268Kb free=119763Kb
 bounds [0x00007ff990279000, 0x00007ff9904e9000, 0x00007ff9977b1000]
CodeHeap 'profiled nmethods': size=120032Kb used=1449Kb max_used=1449Kb free=118582Kb
 bounds [0x00007ff988d41000, 0x00007ff988fb1000, 0x00007ff990279000]
CodeHeap 'non-nmethods': size=5696Kb used=1185Kb max_used=1203Kb free=4510Kb
 bounds [0x00007ff9887b1000, 0x00007ff988a21000, 0x00007ff988d41000]
 total_blobs=1311 nmethods=829 adapters=258
 compilation: enabled

Compilation events (10 events):
Event: 55.611 Thread 0x00007ff9a4188800  825       3       java.util.LinkedList$ListItr::checkForComodification (23 bytes)
Event: 55.612 Thread 0x00007ff9a4188800 nmethod 825 0x00007ff988ea9810 code [0x00007ff988ea99e0, 0x00007ff988ea9c08]
Event: 57.635 Thread 0x00007ff9a4188800  826       3       java.util.LinkedList::node (65 bytes)
Event: 57.636 Thread 0x00007ff9a4188800 nmethod 826 0x00007ff988ea9d10 code [0x00007ff988ea9ee0, 0x00007ff988eaa1f0]
Event: 62.503 Thread 0x00007ff9a4188800  827       3       java.util.HashMap$HashIterator::<init> (79 bytes)
Event: 62.504 Thread 0x00007ff9a4188800 nmethod 827 0x00007ff988eaa310 code [0x00007ff988eaa4e0, 0x00007ff988eaa930]
Event: 64.574 Thread 0x00007ff9a4188800  828       3       java.util.HashMap$KeySet::<init> (10 bytes)
Event: 64.574 Thread 0x00007ff9a4188800 nmethod 828 0x00007ff988eaaa90 code [0x00007ff988eaac60, 0x00007ff988eaaf30]
Event: 72.057 Thread 0x00007ff9a4188800  829       3       java.util.AbstractCollection::isEmpty (13 bytes)
Event: 72.057 Thread 0x00007ff9a4188800 nmethod 829 0x00007ff988eab010 code [0x00007ff988eab1c0, 0x00007ff988eab448]

GC Heap History (0 events):
No events

Deoptimization events (2 events):
Event: 1.117 Thread 0x00007ff9a4015800 Uncommon trap: reason=unstable_if action=reinterpret pc=0x00007ff9902a89bc method=java.util.HashMap.getNode(ILjava/lang/Object;)Ljava/util/HashMap$Node; @ 129 c2
Event: 1.117 Thread 0x00007ff9a4015800 Uncommon trap: reason=unstable_if action=reinterpret pc=0x00007ff9902a6400 method=java.util.HashMap.getNode(ILjava/lang/Object;)Ljava/util/HashMap$Node; @ 129 c2

Classes redefined (8 events):
Event: 420.152 Thread 0x00007ff9a4156800 redefined class name=MyHashMap, count=1
Event: 420.155 Thread 0x00007ff9a4156800 redefined class name=MyHashMap$Entry, count=1
Event: 430.828 Thread 0x00007ff9a4156800 redefined class name=MyHashMap, count=2
Event: 430.843 Thread 0x00007ff9a4156800 redefined class name=MyHashMap$Entry, count=2
Event: 487.504 Thread 0x00007ff9a4156800 redefined class name=MyHashMap, count=3
Event: 487.513 Thread 0x00007ff9a4156800 redefined class name=MyHashMap$Entry, count=3
Event: 500.545 Thread 0x00007ff9a4156800 redefined class name=MyHashMap, count=4
Event: 500.552 Thread 0x00007ff9a4156800 redefined class name=MyHashMap$Entry, count=4

Internal exceptions (10 events):
Event: 160.679 Thread 0x00007ff9a4015800 Implicit null exception at 0x00007ff988ea5e5e to 0x00007ff988ea621c
Event: 160.679 Thread 0x00007ff9a4015800 Exception <a 'java/lang/NullPointerException'{0x000000008f035d60}> (0x000000008f035d60) thrown at [/scratch/opt/mach5/mesos/work_dir/slaves/5af44a71-976a-41b7-81de-5773b84ec572-S39643/frameworks/1735e8a2-a1db-478c-8104-60c8b0af87dd-0196/executors/a3f74ad9
Event: 161.627 Thread 0x00007ff9a4015800 Implicit null exception at 0x00007ff988ea5e5e to 0x00007ff988ea621c
Event: 161.627 Thread 0x00007ff9a4015800 Exception <a 'java/lang/NullPointerException'{0x000000008f036278}> (0x000000008f036278) thrown at [/scratch/opt/mach5/mesos/work_dir/slaves/5af44a71-976a-41b7-81de-5773b84ec572-S39643/frameworks/1735e8a2-a1db-478c-8104-60c8b0af87dd-0196/executors/a3f74ad9
Event: 420.336 Thread 0x00007ff9a4015800 Implicit null exception at 0x00007ff988ea5e5e to 0x00007ff988ea621c
Event: 420.336 Thread 0x00007ff9a4015800 Exception <a 'java/lang/NullPointerException'{0x000000008f036770}> (0x000000008f036770) thrown at [/scratch/opt/mach5/mesos/work_dir/slaves/5af44a71-976a-41b7-81de-5773b84ec572-S39643/frameworks/1735e8a2-a1db-478c-8104-60c8b0af87dd-0196/executors/a3f74ad9
Event: 430.971 Thread 0x00007ff9a4015800 Implicit null exception at 0x00007ff988ea5e5e to 0x00007ff988ea621c
Event: 430.971 Thread 0x00007ff9a4015800 Exception <a 'java/lang/NullPointerException'{0x000000008f036c68}> (0x000000008f036c68) thrown at [/scratch/opt/mach5/mesos/work_dir/slaves/5af44a71-976a-41b7-81de-5773b84ec572-S39643/frameworks/1735e8a2-a1db-478c-8104-60c8b0af87dd-0196/executors/a3f74ad9
Event: 487.699 Thread 0x00007ff9a4015800 Implicit null exception at 0x00007ff988ea5e5e to 0x00007ff988ea621c
Event: 487.699 Thread 0x00007ff9a4015800 Exception <a 'java/lang/NullPointerException'{0x000000008f037160}> (0x000000008f037160) thrown at [/scratch/opt/mach5/mesos/work_dir/slaves/5af44a71-976a-41b7-81de-5773b84ec572-S39643/frameworks/1735e8a2-a1db-478c-8104-60c8b0af87dd-0196/executors/a3f74ad9

Events (10 events):
Event: 500.610 Executing VM operation: GetFrameLocation done
Event: 500.610 Executing VM operation: GetOrSetLocal
Event: 500.610 Executing VM operation: GetOrSetLocal done
Event: 500.610 Executing VM operation: GetFrameCount
Event: 500.610 Executing VM operation: GetFrameCount done
Event: 500.610 Executing VM operation: GetFrameLocation
Event: 500.610 Executing VM operation: GetFrameLocation done
Event: 500.610 Executing VM operation: GetFrameLocation
Event: 500.610 Executing VM operation: GetFrameLocation done
Event: 500.610 Executing VM operation: GetOrSetLocal


Dynamic libraries:
00400000-00401000 r-xp 00000000 08:05 789537                             /usr/lib/jvm/java-9-oracle/bin/java
00600000-00601000 rw-p 00000000 08:05 789537                             /usr/lib/jvm/java-9-oracle/bin/java
01ebb000-01edc000 rw-p 00000000 00:00 0                                  [heap]
88600000-8fe00000 rw-p 00000000 00:00 0 
8fe00000-100000000 ---p 00000000 00:00 0 
100000000-100120000 rw-p 00000000 00:00 0 
100120000-140000000 ---p 00000000 00:00 0 
7ff914000000-7ff914021000 rw-p 00000000 00:00 0 
7ff914021000-7ff918000000 ---p 00000000 00:00 0 
7ff91c000000-7ff91c021000 rw-p 00000000 00:00 0 
7ff91c021000-7ff920000000 ---p 00000000 00:00 0 
7ff920000000-7ff920021000 rw-p 00000000 00:00 0 
7ff920021000-7ff924000000 ---p 00000000 00:00 0 
7ff924000000-7ff924031000 rw-p 00000000 00:00 0 
7ff924031000-7ff928000000 ---p 00000000 00:00 0 
7ff928000000-7ff92816d000 rw-p 00000000 00:00 0 
7ff92816d000-7ff92c000000 ---p 00000000 00:00 0 
7ff92c000000-7ff92c021000 rw-p 00000000 00:00 0 
7ff92c021000-7ff930000000 ---p 00000000 00:00 0 
7ff930000000-7ff930021000 rw-p 00000000 00:00 0 
7ff930021000-7ff934000000 ---p 00000000 00:00 0 
7ff934000000-7ff934090000 rw-p 00000000 00:00 0 
7ff934090000-7ff938000000 ---p 00000000 00:00 0 
7ff938000000-7ff938268000 rw-p 00000000 00:00 0 
7ff938268000-7ff93c000000 ---p 00000000 00:00 0 
7ff93c000000-7ff93c021000 rw-p 00000000 00:00 0 
7ff93c021000-7ff940000000 ---p 00000000 00:00 0 
7ff940000000-7ff9402c3000 rw-p 00000000 00:00 0 
7ff9402c3000-7ff944000000 ---p 00000000 00:00 0 
7ff944000000-7ff944021000 rw-p 00000000 00:00 0 
7ff944021000-7ff948000000 ---p 00000000 00:00 0 
7ff948000000-7ff948021000 rw-p 00000000 00:00 0 
7ff948021000-7ff94c000000 ---p 00000000 00:00 0 
7ff94c000000-7ff94c071000 rw-p 00000000 00:00 0 
7ff94c071000-7ff950000000 ---p 00000000 00:00 0 
7ff950000000-7ff950021000 rw-p 00000000 00:00 0 
7ff950021000-7ff954000000 ---p 00000000 00:00 0 
7ff95659f000-7ff956a0d000 rw-p 00000000 00:00 0 
7ff956a0d000-7ff956acd000 ---p 00000000 00:00 0 
7ff956acd000-7ff956ace000 ---p 00000000 00:00 0 
7ff956ace000-7ff956bce000 rw-p 00000000 00:00 0 
7ff956bce000-7ff956bd2000 ---p 00000000 00:00 0 
7ff956bd2000-7ff956ccf000 rw-p 00000000 00:00 0 
7ff956ccf000-7ff956cd3000 ---p 00000000 00:00 0 
7ff956cd3000-7ff956dd0000 rw-p 00000000 00:00 0 
7ff956dd0000-7ff956dd4000 ---p 00000000 00:00 0 
7ff956dd4000-7ff956ed1000 rw-p 00000000 00:00 0 
7ff956ed1000-7ff956ed5000 ---p 00000000 00:00 0 
7ff956ed5000-7ff956fd2000 rw-p 00000000 00:00 0 
7ff956fd2000-7ff956fd6000 r-xp 00000000 08:05 807442                     /usr/lib/jvm/java-9-oracle/lib/libdt_socket.so
7ff956fd6000-7ff9571d5000 ---p 00004000 08:05 807442                     /usr/lib/jvm/java-9-oracle/lib/libdt_socket.so
7ff9571d5000-7ff9571d6000 rw-p 00003000 08:05 807442                     /usr/lib/jvm/java-9-oracle/lib/libdt_socket.so
7ff9571d6000-7ff9571da000 ---p 00000000 00:00 0 
7ff9571da000-7ff9572d7000 rw-p 00000000 00:00 0 
7ff9572d7000-7ff9572ed000 r-xp 00000000 08:05 789656                     /usr/lib/jvm/java-9-oracle/lib/libnet.so
7ff9572ed000-7ff9574ed000 ---p 00016000 08:05 789656                     /usr/lib/jvm/java-9-oracle/lib/libnet.so
7ff9574ed000-7ff9574ee000 rw-p 00016000 08:05 789656                     /usr/lib/jvm/java-9-oracle/lib/libnet.so
7ff9574ee000-7ff9574fe000 r-xp 00000000 08:05 807446                     /usr/lib/jvm/java-9-oracle/lib/libnio.so
7ff9574fe000-7ff9576fe000 ---p 00010000 08:05 807446                     /usr/lib/jvm/java-9-oracle/lib/libnio.so
7ff9576fe000-7ff9576ff000 rw-p 00010000 08:05 807446                     /usr/lib/jvm/java-9-oracle/lib/libnio.so
7ff9576ff000-7ff957703000 ---p 00000000 00:00 0 
7ff957703000-7ff958000000 rw-p 00000000 00:00 0 
7ff958000000-7ff958021000 rw-p 00000000 00:00 0 
7ff958021000-7ff95c000000 ---p 00000000 00:00 0 
7ff95c016000-7ff95c01a000 ---p 00000000 00:00 0 
7ff95c01a000-7ff95c117000 rw-p 00000000 00:00 0 
7ff95c117000-7ff95c11b000 ---p 00000000 00:00 0 
7ff95c11b000-7ff95c218000 rw-p 00000000 00:00 0 
7ff95c218000-7ff95e218000 rwxp 00000000 00:00 0 
7ff95e218000-7ff95e3f8000 rw-p 00000000 00:00 0 
7ff95e3f8000-7ff960000000 ---p 00000000 00:00 0 
7ff960000000-7ff960021000 rw-p 00000000 00:00 0 
7ff960021000-7ff964000000 ---p 00000000 00:00 0 
7ff964000000-7ff964021000 rw-p 00000000 00:00 0 
7ff964021000-7ff968000000 ---p 00000000 00:00 0 
7ff968000000-7ff968021000 rw-p 00000000 00:00 0 
7ff968021000-7ff96c000000 ---p 00000000 00:00 0 
7ff96c000000-7ff96c021000 rw-p 00000000 00:00 0 
7ff96c021000-7ff970000000 ---p 00000000 00:00 0 
7ff970000000-7ff970021000 rw-p 00000000 00:00 0 
7ff970021000-7ff974000000 ---p 00000000 00:00 0 
7ff974000000-7ff974021000 rw-p 00000000 00:00 0 
7ff974021000-7ff978000000 ---p 00000000 00:00 0 
7ff978011000-7ff978015000 ---p 00000000 00:00 0 
7ff978015000-7ff978112000 rw-p 00000000 00:00 0 
7ff978112000-7ff978116000 ---p 00000000 00:00 0 
7ff978116000-7ff978213000 rw-p 00000000 00:00 0 
7ff978213000-7ff978217000 ---p 00000000 00:00 0 
7ff978217000-7ff978314000 rw-p 00000000 00:00 0 
7ff978314000-7ff978318000 ---p 00000000 00:00 0 
7ff978318000-7ff978415000 rw-p 00000000 00:00 0 
7ff978415000-7ff978416000 ---p 00000000 00:00 0 
7ff978416000-7ff97891a000 rw-p 00000000 00:00 0 
7ff97891a000-7ff97891b000 ---p 00000000 00:00 0 
7ff97891b000-7ff978a1b000 rw-p 00000000 00:00 0 
7ff978a1b000-7ff978a1c000 ---p 00000000 00:00 0 
7ff978a1c000-7ff978cfc000 rw-p 00000000 00:00 0 
7ff978cfc000-7ff97a904000 ---p 00000000 00:00 0 
7ff97a904000-7ff97a940000 rw-p 00000000 00:00 0 
7ff97a940000-7ff97acc1000 ---p 00000000 00:00 0 
7ff97acc1000-7ff97acfd000 rw-p 00000000 00:00 0 
7ff97acfd000-7ff97b43b000 ---p 00000000 00:00 0 
7ff97b43b000-7ff97b477000 rw-p 00000000 00:00 0 
7ff97b477000-7ff97b7f8000 ---p 00000000 00:00 0 
7ff97b7f8000-7ff97b7f9000 ---p 00000000 00:00 0 
7ff97b7f9000-7ff97b8f9000 rw-p 00000000 00:00 0 
7ff97b8f9000-7ff97b8fa000 ---p 00000000 00:00 0 
7ff97b8fa000-7ff97b9fa000 rw-p 00000000 00:00 0 
7ff97b9fa000-7ff97b9fb000 ---p 00000000 00:00 0 
7ff97b9fb000-7ff97bafb000 rw-p 00000000 00:00 0 
7ff97bafb000-7ff97bafc000 ---p 00000000 00:00 0 
7ff97bafc000-7ff97bbfc000 rw-p 00000000 00:00 0 
7ff97bbfc000-7ff97bbfd000 ---p 00000000 00:00 0 
7ff97bbfd000-7ff97c000000 rw-p 00000000 00:00 0 
7ff97c000000-7ff97c021000 rw-p 00000000 00:00 0 
7ff97c021000-7ff980000000 ---p 00000000 00:00 0 
7ff980000000-7ff980021000 rw-p 00000000 00:00 0 
7ff980021000-7ff984000000 ---p 00000000 00:00 0 
7ff984000000-7ff984021000 rw-p 00000000 00:00 0 
7ff984021000-7ff988000000 ---p 00000000 00:00 0 
7ff988060000-7ff9881d7000 rw-p 00000000 00:00 0 
7ff9881d7000-7ff9881d8000 ---p 00000000 00:00 0 
7ff9881d8000-7ff9882d8000 rw-p 00000000 00:00 0 
7ff9882d8000-7ff9882d9000 ---p 00000000 00:00 0 
7ff9882d9000-7ff9883d9000 rw-p 00000000 00:00 0 
7ff9883d9000-7ff9883da000 ---p 00000000 00:00 0 
7ff9883da000-7ff9884da000 rw-p 00000000 00:00 0 
7ff9884da000-7ff9884db000 ---p 00000000 00:00 0 
7ff9884db000-7ff9885e0000 rw-p 00000000 00:00 0 
7ff9885e0000-7ff9886c6000 ---p 00000000 00:00 0 
7ff9886c6000-7ff9886cb000 rw-p 00000000 00:00 0 
7ff9886cb000-7ff9887b1000 ---p 00000000 00:00 0 
7ff9887b1000-7ff988a21000 rwxp 00000000 00:00 0 
7ff988a21000-7ff988d41000 ---p 00000000 00:00 0 
7ff988d41000-7ff988fb1000 rwxp 00000000 00:00 0 
7ff988fb1000-7ff990279000 ---p 00000000 00:00 0 
7ff990279000-7ff9904e9000 rwxp 00000000 00:00 0 
7ff9904e9000-7ff9977b1000 ---p 00000000 00:00 0 
7ff9977b1000-7ff9a2c6e000 r--s 00000000 08:05 807394                     /usr/lib/jvm/java-9-oracle/lib/modules
7ff9a2c6e000-7ff9a2c88000 r-xp 00000000 08:05 789602                     /usr/lib/jvm/java-9-oracle/lib/libjimage.so
7ff9a2c88000-7ff9a2e87000 ---p 0001a000 08:05 789602                     /usr/lib/jvm/java-9-oracle/lib/libjimage.so
7ff9a2e87000-7ff9a2e89000 rw-p 00019000 08:05 789602                     /usr/lib/jvm/java-9-oracle/lib/libjimage.so
7ff9a2e89000-7ff9a2e9b000 rw-p 00000000 00:00 0 
7ff9a2e9b000-7ff9a2ea2000 r-xp 00000000 08:05 808182                     /usr/lib/jvm/java-9-oracle/lib/libzip.so
7ff9a2ea2000-7ff9a30a1000 ---p 00007000 08:05 808182                     /usr/lib/jvm/java-9-oracle/lib/libzip.so
7ff9a30a1000-7ff9a30a2000 rw-p 00006000 08:05 808182                     /usr/lib/jvm/java-9-oracle/lib/libzip.so
7ff9a30a2000-7ff9a30ad000 r-xp 00000000 08:05 2362607                    /lib/x86_64-linux-gnu/libnss_files-2.23.so
7ff9a30ad000-7ff9a32ac000 ---p 0000b000 08:05 2362607                    /lib/x86_64-linux-gnu/libnss_files-2.23.so
7ff9a32ac000-7ff9a32ad000 r--p 0000a000 08:05 2362607                    /lib/x86_64-linux-gnu/libnss_files-2.23.so
7ff9a32ad000-7ff9a32ae000 rw-p 0000b000 08:05 2362607                    /lib/x86_64-linux-gnu/libnss_files-2.23.so
7ff9a32ae000-7ff9a32b4000 rw-p 00000000 00:00 0 
7ff9a32b4000-7ff9a32bf000 r-xp 00000000 08:05 2362629                    /lib/x86_64-linux-gnu/libnss_nis-2.23.so
7ff9a32bf000-7ff9a34be000 ---p 0000b000 08:05 2362629                    /lib/x86_64-linux-gnu/libnss_nis-2.23.so
7ff9a34be000-7ff9a34bf000 r--p 0000a000 08:05 2362629                    /lib/x86_64-linux-gnu/libnss_nis-2.23.so
7ff9a34bf000-7ff9a34c0000 rw-p 0000b000 08:05 2362629                    /lib/x86_64-linux-gnu/libnss_nis-2.23.so
7ff9a34c0000-7ff9a34d6000 r-xp 00000000 08:05 2361528                    /lib/x86_64-linux-gnu/libnsl-2.23.so
7ff9a34d6000-7ff9a36d5000 ---p 00016000 08:05 2361528                    /lib/x86_64-linux-gnu/libnsl-2.23.so
7ff9a36d5000-7ff9a36d6000 r--p 00015000 08:05 2361528                    /lib/x86_64-linux-gnu/libnsl-2.23.so
7ff9a36d6000-7ff9a36d7000 rw-p 00016000 08:05 2361528                    /lib/x86_64-linux-gnu/libnsl-2.23.so
7ff9a36d7000-7ff9a36d9000 rw-p 00000000 00:00 0 
7ff9a36d9000-7ff9a36e1000 r-xp 00000000 08:05 2362577                    /lib/x86_64-linux-gnu/libnss_compat-2.23.so
7ff9a36e1000-7ff9a38e0000 ---p 00008000 08:05 2362577                    /lib/x86_64-linux-gnu/libnss_compat-2.23.so
7ff9a38e0000-7ff9a38e1000 r--p 00007000 08:05 2362577                    /lib/x86_64-linux-gnu/libnss_compat-2.23.so
7ff9a38e1000-7ff9a38e2000 rw-p 00008000 08:05 2362577                    /lib/x86_64-linux-gnu/libnss_compat-2.23.so
7ff9a38e2000-7ff9a3bba000 r--p 00000000 08:05 788054                     /usr/lib/locale/locale-archive
7ff9a3bba000-7ff9a3bc4000 r-xp 00000000 08:05 789638                     /usr/lib/jvm/java-9-oracle/lib/libinstrument.so
7ff9a3bc4000-7ff9a3dc3000 ---p 0000a000 08:05 789638                     /usr/lib/jvm/java-9-oracle/lib/libinstrument.so
7ff9a3dc3000-7ff9a3dc4000 rw-p 00009000 08:05 789638                     /usr/lib/jvm/java-9-oracle/lib/libinstrument.so
7ff9a3dc4000-7ff9a3dff000 r-xp 00000000 08:05 807430                     /usr/lib/jvm/java-9-oracle/lib/libjdwp.so
7ff9a3dff000-7ff9a3ffe000 ---p 0003b000 08:05 807430                     /usr/lib/jvm/java-9-oracle/lib/libjdwp.so
7ff9a3ffe000-7ff9a3fff000 rw-p 0003a000 08:05 807430                     /usr/lib/jvm/java-9-oracle/lib/libjdwp.so
7ff9a3fff000-7ff9a4000000 rw-p 00000000 00:00 0 
7ff9a4000000-7ff9a445a000 rw-p 00000000 00:00 0 
7ff9a445a000-7ff9a8000000 ---p 00000000 00:00 0 
7ff9a8039000-7ff9a8094000 rw-p 00000000 00:00 0 
7ff9a8094000-7ff9a80bf000 r-xp 00000000 08:05 789642                     /usr/lib/jvm/java-9-oracle/lib/libjava.so
7ff9a80bf000-7ff9a82be000 ---p 0002b000 08:05 789642                     /usr/lib/jvm/java-9-oracle/lib/libjava.so
7ff9a82be000-7ff9a82c0000 rw-p 0002a000 08:05 789642                     /usr/lib/jvm/java-9-oracle/lib/libjava.so
7ff9a82c0000-7ff9a82cd000 r-xp 00000000 08:05 789680                     /usr/lib/jvm/java-9-oracle/lib/libverify.so
7ff9a82cd000-7ff9a84cc000 ---p 0000d000 08:05 789680                     /usr/lib/jvm/java-9-oracle/lib/libverify.so
7ff9a84cc000-7ff9a84ce000 rw-p 0000c000 08:05 789680                     /usr/lib/jvm/java-9-oracle/lib/libverify.so
7ff9a84ce000-7ff9a84d5000 r-xp 00000000 08:05 2362630                    /lib/x86_64-linux-gnu/librt-2.23.so
7ff9a84d5000-7ff9a86d4000 ---p 00007000 08:05 2362630                    /lib/x86_64-linux-gnu/librt-2.23.so
7ff9a86d4000-7ff9a86d5000 r--p 00006000 08:05 2362630                    /lib/x86_64-linux-gnu/librt-2.23.so
7ff9a86d5000-7ff9a86d6000 rw-p 00007000 08:05 2362630                    /lib/x86_64-linux-gnu/librt-2.23.so
7ff9a86d6000-7ff9a87de000 r-xp 00000000 08:05 2361478                    /lib/x86_64-linux-gnu/libm-2.23.so
7ff9a87de000-7ff9a89dd000 ---p 00108000 08:05 2361478                    /lib/x86_64-linux-gnu/libm-2.23.so
7ff9a89dd000-7ff9a89de000 r--p 00107000 08:05 2361478                    /lib/x86_64-linux-gnu/libm-2.23.so
7ff9a89de000-7ff9a89df000 rw-p 00108000 08:05 2361478                    /lib/x86_64-linux-gnu/libm-2.23.so
7ff9a89df000-7ff9a99f4000 r-xp 00000000 08:05 1865803                    /usr/lib/jvm/java-9-oracle/lib/server/libjvm.so
7ff9a99f4000-7ff9a9bf3000 ---p 01015000 08:05 1865803                    /usr/lib/jvm/java-9-oracle/lib/server/libjvm.so
7ff9a9bf3000-7ff9a9cc4000 r--p 01014000 08:05 1865803                    /usr/lib/jvm/java-9-oracle/lib/server/libjvm.so
7ff9a9cc4000-7ff9a9cfb000 rw-p 010e5000 08:05 1865803                    /usr/lib/jvm/java-9-oracle/lib/server/libjvm.so
7ff9a9cfb000-7ff9a9d64000 rw-p 00000000 00:00 0 
7ff9a9d64000-7ff9a9f24000 r-xp 00000000 08:05 2362546                    /lib/x86_64-linux-gnu/libc-2.23.so
7ff9a9f24000-7ff9aa124000 ---p 001c0000 08:05 2362546                    /lib/x86_64-linux-gnu/libc-2.23.so
7ff9aa124000-7ff9aa128000 r--p 001c0000 08:05 2362546                    /lib/x86_64-linux-gnu/libc-2.23.so
7ff9aa128000-7ff9aa12a000 rw-p 001c4000 08:05 2362546                    /lib/x86_64-linux-gnu/libc-2.23.so
7ff9aa12a000-7ff9aa12e000 rw-p 00000000 00:00 0 
7ff9aa12e000-7ff9aa131000 r-xp 00000000 08:05 2362556                    /lib/x86_64-linux-gnu/libdl-2.23.so
7ff9aa131000-7ff9aa330000 ---p 00003000 08:05 2362556                    /lib/x86_64-linux-gnu/libdl-2.23.so
7ff9aa330000-7ff9aa331000 r--p 00002000 08:05 2362556                    /lib/x86_64-linux-gnu/libdl-2.23.so
7ff9aa331000-7ff9aa332000 rw-p 00003000 08:05 2362556                    /lib/x86_64-linux-gnu/libdl-2.23.so
7ff9aa332000-7ff9aa340000 r-xp 00000000 08:05 1865805                    /usr/lib/jvm/java-9-oracle/lib/jli/libjli.so
7ff9aa340000-7ff9aa540000 ---p 0000e000 08:05 1865805                    /usr/lib/jvm/java-9-oracle/lib/jli/libjli.so
7ff9aa540000-7ff9aa541000 rw-p 0000e000 08:05 1865805                    /usr/lib/jvm/java-9-oracle/lib/jli/libjli.so
7ff9aa541000-7ff9aa559000 r-xp 00000000 08:05 2362539                    /lib/x86_64-linux-gnu/libpthread-2.23.so
7ff9aa559000-7ff9aa758000 ---p 00018000 08:05 2362539                    /lib/x86_64-linux-gnu/libpthread-2.23.so
7ff9aa758000-7ff9aa759000 r--p 00017000 08:05 2362539                    /lib/x86_64-linux-gnu/libpthread-2.23.so
7ff9aa759000-7ff9aa75a000 rw-p 00018000 08:05 2362539                    /lib/x86_64-linux-gnu/libpthread-2.23.so
7ff9aa75a000-7ff9aa75e000 rw-p 00000000 00:00 0 
7ff9aa75e000-7ff9aa777000 r-xp 00000000 08:05 2360887                    /lib/x86_64-linux-gnu/libz.so.1.2.8
7ff9aa777000-7ff9aa976000 ---p 00019000 08:05 2360887                    /lib/x86_64-linux-gnu/libz.so.1.2.8
7ff9aa976000-7ff9aa977000 r--p 00018000 08:05 2360887                    /lib/x86_64-linux-gnu/libz.so.1.2.8
7ff9aa977000-7ff9aa978000 rw-p 00019000 08:05 2360887                    /lib/x86_64-linux-gnu/libz.so.1.2.8
7ff9aa978000-7ff9aa99e000 r-xp 00000000 08:05 2362529                    /lib/x86_64-linux-gnu/ld-2.23.so
7ff9aa9bc000-7ff9aa9c3000 r--s 00000000 08:05 1076367                    /usr/lib/x86_64-linux-gnu/gconv/gconv-modules.cache
7ff9aa9c3000-7ff9aaa7b000 rw-p 00000000 00:00 0 
7ff9aaa7b000-7ff9aaa80000 ---p 00000000 00:00 0 
7ff9aaa80000-7ff9aab81000 rw-p 00000000 00:00 0 
7ff9aab84000-7ff9aab8a000 rw-p 00000000 00:00 0 
7ff9aab8a000-7ff9aab91000 ---p 00000000 00:00 0 
7ff9aab91000-7ff9aab93000 r--s 00001000 08:05 20652                      /opt/intellij-idea-community/lib/rt/debugger-agent-storage.jar
7ff9aab93000-7ff9aab9b000 rw-s 00000000 08:05 671475                     /tmp/hsperfdata_akrishnan/13600
7ff9aab9b000-7ff9aab9c000 rw-p 00000000 00:00 0 
7ff9aab9c000-7ff9aab9d000 ---p 00000000 00:00 0 
7ff9aab9d000-7ff9aab9e000 r--p 00025000 08:05 2362529                    /lib/x86_64-linux-gnu/ld-2.23.so
7ff9aab9e000-7ff9aab9f000 rw-p 00026000 08:05 2362529                    /lib/x86_64-linux-gnu/ld-2.23.so
7ff9aab9f000-7ff9aaba0000 rw-p 00000000 00:00 0 
7ffe74d7e000-7ffe74d9f000 rw-p 00000000 00:00 0                          [stack]
7ffe74db2000-7ffe74db5000 r--p 00000000 00:00 0                          [vvar]
7ffe74db5000-7ffe74db7000 r-xp 00000000 00:00 0                          [vdso]
ffffffffff600000-ffffffffff601000 r-xp 00000000 00:00 0                  [vsyscall]

VM Arguments:
jvm_args: -agentlib:jdwp=transport=dt_socket,address=127.0.0.1:43063,suspend=y,server=n -ea -Didea.test.cyclic.buffer.size=1048576 -javaagent:/opt/intellij-idea-community/lib/rt/debugger-agent.jar=/tmp/capture.props -Dfile.encoding=UTF-8 
java_command: com.intellij.rt.execution.junit.JUnitStarter -ideVersion5 -junit5 MyHashMapTest,testResize
java_class_path (initial): /opt/intellij-idea-community/lib/idea_rt.jar:/opt/intellij-idea-community/plugins/junit/lib/junit-rt.jar:/opt/intellij-idea-community/plugins/junit/lib/junit5-rt.jar:/home/akrishnan/.m2/repository/org/junit/platform/junit-platform-launcher/1.0.0/junit-platform-launcher-1.0.0.jar:/home/akrishnan/.m2/repository/org/apiguardian/apiguardian-api/1.0.0/apiguardian-api-1.0.0.jar:/home/akrishnan/.m2/repository/org/junit/platform/junit-platform-engine/1.0.0/junit-platform-engine-1.0.0.jar:/home/akrishnan/.m2/repository/org/junit/platform/junit-platform-commons/1.0.0/junit-platform-commons-1.0.0.jar:/home/akrishnan/.m2/repository/org/opentest4j/opentest4j/1.0.0/opentest4j-1.0.0.jar:/home/akrishnan/.m2/repository/org/junit/jupiter/junit-jupiter-engine/5.0.0/junit-jupiter-engine-5.0.0.jar:/home/akrishnan/.m2/repository/org/junit/jupiter/junit-jupiter-api/5.0.0/junit-jupiter-api-5.0.0.jar:/home/akrishnan/DSA-18/datastructures/day04/out/test/day04:/home/akrishnan/DSA-18/datastructures/day04/out/production/day04
Launcher Type: SUN_STANDARD

Logging:
Log output configuration:
#0: stdout all=warning uptime,level,tags
#1: stderr all=off uptime,level,tags

Environment Variables:
JAVA_HOME=/usr/lib/jvm/java-8-oracle
PATH=/home/akrishnan/bin:/home/akrishnan/.local/bin:/usr/local/sbin:/usr/local/bin:/usr/sbin:/usr/bin:/sbin:/bin:/usr/games:/usr/local/games:/snap/bin:/usr/lib/jvm/java-8-oracle/bin:/usr/lib/jvm/java-8-oracle/db/bin:/usr/lib/jvm/java-8-oracle/jre/bin
SHELL=/bin/bash
DISPLAY=:0

Signal Handlers:
SIGSEGV: [libjvm.so+0xd4d370], sa_mask[0]=11111111011111111101111111111110, sa_flags=SA_RESTART|SA_SIGINFO
SIGBUS: [libjvm.so+0xd4d370], sa_mask[0]=11111111011111111101111111111110, sa_flags=SA_RESTART|SA_SIGINFO
SIGFPE: [libjvm.so+0xd4d370], sa_mask[0]=11111111011111111101111111111110, sa_flags=SA_RESTART|SA_SIGINFO
SIGPIPE: [libjvm.so+0xb64780], sa_mask[0]=11111111011111111101111111111110, sa_flags=SA_RESTART|SA_SIGINFO
SIGXFSZ: [libjvm.so+0xb64780], sa_mask[0]=11111111011111111101111111111110, sa_flags=SA_RESTART|SA_SIGINFO
SIGILL: [libjvm.so+0xd4d370], sa_mask[0]=11111111011111111101111111111110, sa_flags=SA_RESTART|SA_SIGINFO
SIGUSR2: [libjvm.so+0xb64640], sa_mask[0]=00100000000000000000000000000000, sa_flags=SA_RESTART|SA_SIGINFO
SIGHUP: [libjvm.so+0xb64850], sa_mask[0]=11111111011111111101111111111110, sa_flags=SA_RESTART|SA_SIGINFO
SIGINT: [libjvm.so+0xb64850], sa_mask[0]=11111111011111111101111111111110, sa_flags=SA_RESTART|SA_SIGINFO
SIGTERM: [libjvm.so+0xb64850], sa_mask[0]=11111111011111111101111111111110, sa_flags=SA_RESTART|SA_SIGINFO
SIGQUIT: [libjvm.so+0xb64850], sa_mask[0]=11111111011111111101111111111110, sa_flags=SA_RESTART|SA_SIGINFO


---------------  S Y S T E M  ---------------

OS:DISTRIB_ID=Ubuntu
DISTRIB_RELEASE=16.04
DISTRIB_CODENAME=xenial
DISTRIB_DESCRIPTION="Ubuntu 16.04.3 LTS"
uname:Linux 4.4.0-112-generic #135-Ubuntu SMP Fri Jan 19 11:48:36 UTC 2018 x86_64
libc:glibc 2.23 NPTL 2.23 
rlimit: STACK 8192k, CORE 0k, NPROC 30445, NOFILE 1048576, AS infinity
load average:2.49 2.17 1.99

/proc/meminfo:
MemTotal:        7834440 kB
MemFree:          257712 kB
MemAvailable:     417956 kB
Buffers:           18672 kB
Cached:          1009064 kB
SwapCached:         5780 kB
Active:          5940324 kB
Inactive:        1342444 kB
Active(anon):    5719292 kB
Inactive(anon):  1220728 kB
Active(file):     221032 kB
Inactive(file):   121716 kB
Unevictable:          32 kB
Mlocked:              32 kB
SwapTotal:       3905532 kB
SwapFree:        3624876 kB
Dirty:             13004 kB
Writeback:             0 kB
AnonPages:       6249792 kB
Mapped:           600636 kB
Shmem:            684732 kB
Slab:             126916 kB
SReclaimable:      81748 kB
SUnreclaim:        45168 kB
KernelStack:       17376 kB
PageTables:        57520 kB
NFS_Unstable:          0 kB
Bounce:                0 kB
WritebackTmp:          0 kB
CommitLimit:     7822752 kB
Committed_AS:   14548076 kB
VmallocTotal:   34359738367 kB
VmallocUsed:           0 kB
VmallocChunk:          0 kB
HardwareCorrupted:     0 kB
AnonHugePages:   2244608 kB
CmaTotal:              0 kB
CmaFree:               0 kB
HugePages_Total:       0
HugePages_Free:        0
HugePages_Rsvd:        0
HugePages_Surp:        0
Hugepagesize:       2048 kB
DirectMap4k:      134616 kB
DirectMap2M:     4763648 kB
DirectMap1G:     4194304 kB


CPU:total 4 (initial active 4) (2 cores per cpu, 2 threads per core) family 6 model 78 stepping 3, cmov, cx8, fxsr, mmx, sse, sse2, sse3, ssse3, sse4.1, sse4.2, popcnt, avx, avx2, aes, clmul, erms, rtm, 3dnowpref, lzcnt, ht, tsc, tscinvbit, bmi1, bmi2, adx, fma
CPU Model and flags from /proc/cpuinfo:
model name	: Intel(R) Core(TM) i7-6600U CPU @ 2.60GHz
flags		: fpu vme de pse tsc msr pae mce cx8 apic sep mtrr pge mca cmov pat pse36 clflush dts acpi mmx fxsr sse sse2 ss ht tm pbe syscall nx pdpe1gb rdtscp lm constant_tsc art arch_perfmon pebs bts rep_good nopl xtopology nonstop_tsc aperfmperf eagerfpu pni pclmulqdq dtes64 monitor ds_cpl vmx smx est tm2 ssse3 sdbg fma cx16 xtpr pdcm pcid sse4_1 sse4_2 x2apic movbe popcnt tsc_deadline_timer aes xsave avx f16c rdrand lahf_lm abm 3dnowprefetch epb invpcid_single intel_pt kaiser tpr_shadow vnmi flexpriority ept vpid fsgsbase tsc_adjust bmi1 hle avx2 smep bmi2 erms invpcid rtm mpx rdseed adx smap clflushopt xsaveopt xsavec xgetbv1 dtherm ida arat pln pts hwp hwp_notify hwp_act_window hwp_epp

Memory: 4k page, physical 7834440k(257712k free), swap 3905532k(3624876k free)

vm_info: Java HotSpot(TM) 64-Bit Server VM (9.0.4+11) for linux-amd64 JRE (9.0.4+11), built on Dec 19 2017 18:12:19 by "mach5one" with gcc 4.9.2

END.
